{"/Users/gong/Programming/Projects/willow-demo/packages/chat/src/client/App.tsx": {"path":"/Users/gong/Programming/Projects/willow-demo/packages/chat/src/client/App.tsx","all":true,"statementMap":{"0":{"start":{"line":1,"column":0},"end":{"line":1,"column":73}},"1":{"start":{"line":2,"column":0},"end":{"line":2,"column":55}},"2":{"start":{"line":3,"column":0},"end":{"line":3,"column":51}},"3":{"start":{"line":4,"column":0},"end":{"line":4,"column":33}},"4":{"start":{"line":5,"column":0},"end":{"line":5,"column":8}},"8":{"start":{"line":9,"column":0},"end":{"line":9,"column":61}},"9":{"start":{"line":10,"column":0},"end":{"line":10,"column":60}},"10":{"start":{"line":11,"column":0},"end":{"line":11,"column":50}},"12":{"start":{"line":13,"column":0},"end":{"line":13,"column":38}},"14":{"start":{"line":15,"column":0},"end":{"line":15,"column":73}},"15":{"start":{"line":16,"column":0},"end":{"line":16,"column":29}},"17":{"start":{"line":18,"column":0},"end":{"line":18,"column":32}},"18":{"start":{"line":19,"column":0},"end":{"line":19,"column":42}},"19":{"start":{"line":20,"column":0},"end":{"line":20,"column":56}},"20":{"start":{"line":21,"column":0},"end":{"line":21,"column":21}},"21":{"start":{"line":22,"column":0},"end":{"line":22,"column":3}},"23":{"start":{"line":24,"column":0},"end":{"line":24,"column":9}},"24":{"start":{"line":25,"column":0},"end":{"line":25,"column":74}},"25":{"start":{"line":26,"column":0},"end":{"line":26,"column":67}},"26":{"start":{"line":27,"column":0},"end":{"line":27,"column":32}},"27":{"start":{"line":28,"column":0},"end":{"line":28,"column":49}},"29":{"start":{"line":30,"column":0},"end":{"line":30,"column":8}},"30":{"start":{"line":31,"column":0},"end":{"line":31,"column":9}},"31":{"start":{"line":32,"column":0},"end":{"line":32,"column":10}},"32":{"start":{"line":33,"column":0},"end":{"line":33,"column":17}},"33":{"start":{"line":34,"column":0},"end":{"line":34,"column":23}},"34":{"start":{"line":35,"column":0},"end":{"line":35,"column":132}},"36":{"start":{"line":37,"column":0},"end":{"line":37,"column":32}},"38":{"start":{"line":39,"column":0},"end":{"line":39,"column":12}},"39":{"start":{"line":40,"column":0},"end":{"line":40,"column":8}},"41":{"start":{"line":42,"column":0},"end":{"line":42,"column":1}},"43":{"start":{"line":44,"column":0},"end":{"line":44,"column":20}},"44":{"start":{"line":45,"column":0},"end":{"line":45,"column":66}},"46":{"start":{"line":47,"column":0},"end":{"line":47,"column":9}},"47":{"start":{"line":48,"column":0},"end":{"line":48,"column":66}},"49":{"start":{"line":50,"column":0},"end":{"line":50,"column":9}},"50":{"start":{"line":51,"column":0},"end":{"line":51,"column":63}},"51":{"start":{"line":52,"column":0},"end":{"line":52,"column":23}},"52":{"start":{"line":53,"column":0},"end":{"line":53,"column":35}},"53":{"start":{"line":54,"column":0},"end":{"line":54,"column":38}},"54":{"start":{"line":55,"column":0},"end":{"line":55,"column":27}},"55":{"start":{"line":56,"column":0},"end":{"line":56,"column":32}},"56":{"start":{"line":57,"column":0},"end":{"line":57,"column":5}},"57":{"start":{"line":58,"column":0},"end":{"line":58,"column":49}},"58":{"start":{"line":59,"column":0},"end":{"line":59,"column":31}},"59":{"start":{"line":60,"column":0},"end":{"line":60,"column":62}},"60":{"start":{"line":61,"column":0},"end":{"line":61,"column":32}},"61":{"start":{"line":62,"column":0},"end":{"line":62,"column":16}},"62":{"start":{"line":63,"column":0},"end":{"line":63,"column":32}},"63":{"start":{"line":64,"column":0},"end":{"line":64,"column":43}},"64":{"start":{"line":65,"column":0},"end":{"line":65,"column":7}},"66":{"start":{"line":67,"column":0},"end":{"line":67,"column":67}},"68":{"start":{"line":69,"column":0},"end":{"line":69,"column":9}},"69":{"start":{"line":70,"column":0},"end":{"line":70,"column":8}},"71":{"start":{"line":72,"column":0},"end":{"line":72,"column":1}},"73":{"start":{"line":74,"column":0},"end":{"line":74,"column":31}},"74":{"start":{"line":75,"column":0},"end":{"line":75,"column":9}},"75":{"start":{"line":76,"column":0},"end":{"line":76,"column":44}},"76":{"start":{"line":77,"column":0},"end":{"line":77,"column":14}},"77":{"start":{"line":78,"column":0},"end":{"line":78,"column":24}},"79":{"start":{"line":80,"column":0},"end":{"line":80,"column":1}}},"s":{"0":0,"1":0,"2":0,"3":0,"4":0,"8":0,"9":0,"10":0,"12":0,"14":0,"15":0,"17":0,"18":0,"19":0,"20":0,"21":0,"23":0,"24":0,"25":0,"26":0,"27":0,"29":0,"30":0,"31":0,"32":0,"33":0,"34":0,"36":0,"38":0,"39":0,"41":0,"43":0,"44":0,"46":0,"47":0,"49":0,"50":0,"51":0,"52":0,"53":0,"54":0,"55":0,"56":0,"57":0,"58":0,"59":0,"60":0,"61":0,"62":0,"63":0,"64":0,"66":0,"68":0,"69":0,"71":0,"73":0,"74":0,"75":0,"76":0,"77":0,"79":0},"branchMap":{"0":{"type":"branch","line":1,"loc":{"start":{"line":1,"column":2303},"end":{"line":80,"column":1}},"locations":[{"start":{"line":1,"column":2303},"end":{"line":80,"column":1}}]}},"b":{"0":[0]},"fnMap":{"0":{"name":"(empty-report)","decl":{"start":{"line":1,"column":2303},"end":{"line":80,"column":1}},"loc":{"start":{"line":1,"column":2303},"end":{"line":80,"column":1}},"line":1}},"f":{"0":0}}
,"/Users/gong/Programming/Projects/willow-demo/packages/chat/src/client/components/ConversationSidebar.tsx": {"path":"/Users/gong/Programming/Projects/willow-demo/packages/chat/src/client/components/ConversationSidebar.tsx","all":false,"statementMap":{"0":{"start":{"line":1,"column":0},"end":{"line":1,"column":65}},"1":{"start":{"line":2,"column":0},"end":{"line":2,"column":68}},"2":{"start":{"line":3,"column":0},"end":{"line":3,"column":8}},"11":{"start":{"line":12,"column":0},"end":{"line":12,"column":37}},"12":{"start":{"line":13,"column":0},"end":{"line":13,"column":10}},"13":{"start":{"line":14,"column":0},"end":{"line":14,"column":10}},"14":{"start":{"line":15,"column":0},"end":{"line":15,"column":12}},"15":{"start":{"line":16,"column":0},"end":{"line":16,"column":14}},"16":{"start":{"line":17,"column":0},"end":{"line":17,"column":4}},"21":{"start":{"line":22,"column":0},"end":{"line":22,"column":4}},"22":{"start":{"line":23,"column":0},"end":{"line":23,"column":38}},"24":{"start":{"line":25,"column":0},"end":{"line":25,"column":64}},"25":{"start":{"line":26,"column":0},"end":{"line":26,"column":30}},"26":{"start":{"line":27,"column":0},"end":{"line":27,"column":30}},"27":{"start":{"line":28,"column":0},"end":{"line":28,"column":25}},"28":{"start":{"line":29,"column":0},"end":{"line":29,"column":4}},"30":{"start":{"line":31,"column":0},"end":{"line":31,"column":32}},"31":{"start":{"line":32,"column":0},"end":{"line":32,"column":42}},"32":{"start":{"line":33,"column":0},"end":{"line":33,"column":65}},"33":{"start":{"line":34,"column":0},"end":{"line":34,"column":20}},"34":{"start":{"line":35,"column":0},"end":{"line":35,"column":3}},"36":{"start":{"line":37,"column":0},"end":{"line":37,"column":66}},"37":{"start":{"line":38,"column":0},"end":{"line":38,"column":22}},"38":{"start":{"line":39,"column":0},"end":{"line":39,"column":31}},"39":{"start":{"line":40,"column":0},"end":{"line":40,"column":65}},"40":{"start":{"line":41,"column":0},"end":{"line":41,"column":24}},"41":{"start":{"line":42,"column":0},"end":{"line":42,"column":62}},"42":{"start":{"line":43,"column":0},"end":{"line":43,"column":30}},"43":{"start":{"line":44,"column":0},"end":{"line":44,"column":30}},"44":{"start":{"line":45,"column":0},"end":{"line":45,"column":11}},"45":{"start":{"line":46,"column":0},"end":{"line":46,"column":44}},"46":{"start":{"line":47,"column":0},"end":{"line":47,"column":67}},"47":{"start":{"line":48,"column":0},"end":{"line":48,"column":22}},"48":{"start":{"line":49,"column":0},"end":{"line":49,"column":4}},"49":{"start":{"line":50,"column":0},"end":{"line":50,"column":3}},"50":{"start":{"line":51,"column":0},"end":{"line":51,"column":3}},"52":{"start":{"line":53,"column":0},"end":{"line":53,"column":51}},"53":{"start":{"line":54,"column":0},"end":{"line":54,"column":15}},"54":{"start":{"line":55,"column":0},"end":{"line":55,"column":23}},"55":{"start":{"line":56,"column":0},"end":{"line":56,"column":3}},"57":{"start":{"line":58,"column":0},"end":{"line":58,"column":9}},"58":{"start":{"line":59,"column":0},"end":{"line":59,"column":80}},"59":{"start":{"line":60,"column":0},"end":{"line":60,"column":81}},"60":{"start":{"line":61,"column":0},"end":{"line":61,"column":69}},"61":{"start":{"line":62,"column":0},"end":{"line":62,"column":45}},"62":{"start":{"line":63,"column":0},"end":{"line":63,"column":12}},"63":{"start":{"line":64,"column":0},"end":{"line":64,"column":19}},"64":{"start":{"line":65,"column":0},"end":{"line":65,"column":42}},"65":{"start":{"line":66,"column":0},"end":{"line":66,"column":55}},"66":{"start":{"line":67,"column":0},"end":{"line":67,"column":28}},"67":{"start":{"line":68,"column":0},"end":{"line":68,"column":44}},"68":{"start":{"line":69,"column":0},"end":{"line":69,"column":71}},"69":{"start":{"line":70,"column":0},"end":{"line":70,"column":9}},"70":{"start":{"line":71,"column":0},"end":{"line":71,"column":18}},"72":{"start":{"line":73,"column":0},"end":{"line":73,"column":43}},"73":{"start":{"line":74,"column":0},"end":{"line":74,"column":14}},"74":{"start":{"line":75,"column":0},"end":{"line":75,"column":12}},"75":{"start":{"line":76,"column":0},"end":{"line":76,"column":19}},"76":{"start":{"line":77,"column":0},"end":{"line":77,"column":43}},"77":{"start":{"line":78,"column":0},"end":{"line":78,"column":55}},"78":{"start":{"line":79,"column":0},"end":{"line":79,"column":29}},"79":{"start":{"line":80,"column":0},"end":{"line":80,"column":44}},"80":{"start":{"line":81,"column":0},"end":{"line":81,"column":71}},"81":{"start":{"line":82,"column":0},"end":{"line":82,"column":9}},"82":{"start":{"line":83,"column":0},"end":{"line":83,"column":29}},"84":{"start":{"line":85,"column":0},"end":{"line":85,"column":37}},"85":{"start":{"line":86,"column":0},"end":{"line":86,"column":14}},"86":{"start":{"line":87,"column":0},"end":{"line":87,"column":12}},"87":{"start":{"line":88,"column":0},"end":{"line":88,"column":19}},"88":{"start":{"line":89,"column":0},"end":{"line":89,"column":25}},"89":{"start":{"line":90,"column":0},"end":{"line":90,"column":147}},"90":{"start":{"line":91,"column":0},"end":{"line":91,"column":30}},"92":{"start":{"line":93,"column":0},"end":{"line":93,"column":34}},"93":{"start":{"line":94,"column":0},"end":{"line":94,"column":14}},"94":{"start":{"line":95,"column":0},"end":{"line":95,"column":10}},"95":{"start":{"line":96,"column":0},"end":{"line":96,"column":9}},"97":{"start":{"line":98,"column":0},"end":{"line":98,"column":47}},"98":{"start":{"line":99,"column":0},"end":{"line":99,"column":34}},"99":{"start":{"line":100,"column":0},"end":{"line":100,"column":9}},"100":{"start":{"line":101,"column":0},"end":{"line":101,"column":19}},"101":{"start":{"line":102,"column":0},"end":{"line":102,"column":19}},"102":{"start":{"line":103,"column":0},"end":{"line":103,"column":18}},"103":{"start":{"line":104,"column":0},"end":{"line":104,"column":55}},"104":{"start":{"line":105,"column":0},"end":{"line":105,"column":25}},"105":{"start":{"line":106,"column":0},"end":{"line":106,"column":48}},"106":{"start":{"line":107,"column":0},"end":{"line":107,"column":27}},"107":{"start":{"line":108,"column":0},"end":{"line":108,"column":42}},"108":{"start":{"line":109,"column":0},"end":{"line":109,"column":8}},"109":{"start":{"line":110,"column":0},"end":{"line":110,"column":8}},"110":{"start":{"line":111,"column":0},"end":{"line":111,"column":129}},"111":{"start":{"line":112,"column":0},"end":{"line":112,"column":52}},"112":{"start":{"line":113,"column":0},"end":{"line":113,"column":44}},"113":{"start":{"line":114,"column":0},"end":{"line":114,"column":52}},"114":{"start":{"line":115,"column":0},"end":{"line":115,"column":9}},"116":{"start":{"line":117,"column":0},"end":{"line":117,"column":56}},"117":{"start":{"line":118,"column":0},"end":{"line":118,"column":59}},"118":{"start":{"line":119,"column":0},"end":{"line":119,"column":13}},"119":{"start":{"line":120,"column":0},"end":{"line":120,"column":20}},"120":{"start":{"line":121,"column":0},"end":{"line":121,"column":48}},"121":{"start":{"line":122,"column":0},"end":{"line":122,"column":117}},"122":{"start":{"line":123,"column":0},"end":{"line":123,"column":21}},"124":{"start":{"line":125,"column":0},"end":{"line":125,"column":37}},"125":{"start":{"line":126,"column":0},"end":{"line":126,"column":15}},"126":{"start":{"line":127,"column":0},"end":{"line":127,"column":11}},"127":{"start":{"line":128,"column":0},"end":{"line":128,"column":7}},"129":{"start":{"line":130,"column":0},"end":{"line":130,"column":36}},"130":{"start":{"line":131,"column":0},"end":{"line":131,"column":72}},"132":{"start":{"line":133,"column":0},"end":{"line":133,"column":9}},"134":{"start":{"line":135,"column":0},"end":{"line":135,"column":9}},"135":{"start":{"line":136,"column":0},"end":{"line":136,"column":8}},"137":{"start":{"line":138,"column":0},"end":{"line":138,"column":1}}},"s":{"0":1,"1":1,"2":1,"11":1,"12":2,"13":2,"14":2,"15":2,"16":2,"21":2,"22":2,"24":2,"25":2,"26":2,"27":2,"28":2,"30":2,"31":0,"32":0,"33":0,"34":0,"36":2,"37":0,"38":0,"39":0,"40":0,"41":0,"42":0,"43":0,"44":0,"45":0,"46":0,"47":0,"48":0,"49":0,"50":0,"52":2,"53":0,"54":0,"55":0,"57":2,"58":2,"59":2,"60":2,"61":2,"62":2,"63":2,"64":2,"65":2,"66":2,"67":2,"68":0,"69":2,"70":2,"72":2,"73":2,"74":2,"75":2,"76":2,"77":2,"78":2,"79":0,"80":2,"81":2,"82":2,"84":2,"85":2,"86":2,"87":2,"88":2,"89":2,"90":2,"92":2,"93":2,"94":2,"95":2,"97":2,"98":2,"99":2,"100":2,"101":2,"102":2,"103":2,"104":2,"105":0,"106":0,"107":0,"108":0,"109":0,"110":2,"111":2,"112":1,"113":1,"114":2,"116":2,"117":2,"118":2,"119":2,"120":2,"121":2,"122":2,"124":2,"125":2,"126":2,"127":2,"129":2,"130":1,"132":1,"134":2,"135":2,"137":2},"branchMap":{"0":{"type":"branch","line":12,"loc":{"start":{"line":12,"column":7},"end":{"line":138,"column":1}},"locations":[{"start":{"line":12,"column":7},"end":{"line":138,"column":1}}]},"1":{"type":"branch","line":68,"loc":{"start":{"line":68,"column":10},"end":{"line":69,"column":71}},"locations":[{"start":{"line":68,"column":10},"end":{"line":69,"column":71}}]},"2":{"type":"branch","line":79,"loc":{"start":{"line":79,"column":22},"end":{"line":80,"column":44}},"locations":[{"start":{"line":79,"column":22},"end":{"line":80,"column":44}}]},"3":{"type":"branch","line":130,"loc":{"start":{"line":130,"column":30},"end":{"line":133,"column":9}},"locations":[{"start":{"line":130,"column":30},"end":{"line":133,"column":9}}]},"4":{"type":"branch","line":99,"loc":{"start":{"line":99,"column":23},"end":{"line":127,"column":11}},"locations":[{"start":{"line":99,"column":23},"end":{"line":127,"column":11}}]},"5":{"type":"branch","line":112,"loc":{"start":{"line":112,"column":50},"end":{"line":113,"column":44}},"locations":[{"start":{"line":112,"column":50},"end":{"line":113,"column":44}}]},"6":{"type":"branch","line":113,"loc":{"start":{"line":113,"column":10},"end":{"line":114,"column":52}},"locations":[{"start":{"line":113,"column":10},"end":{"line":114,"column":52}}]}},"b":{"0":[2],"1":[0],"2":[0],"3":[1],"4":[2],"5":[1],"6":[1]},"fnMap":{"0":{"name":"ConversationSidebar","decl":{"start":{"line":12,"column":7},"end":{"line":138,"column":1}},"loc":{"start":{"line":12,"column":7},"end":{"line":138,"column":1}},"line":12},"1":{"name":"handleNew","decl":{"start":{"line":31,"column":19},"end":{"line":35,"column":3}},"loc":{"start":{"line":31,"column":19},"end":{"line":35,"column":3}},"line":31},"2":{"name":"handleDelete","decl":{"start":{"line":37,"column":22},"end":{"line":51,"column":3}},"loc":{"start":{"line":37,"column":22},"end":{"line":51,"column":3}},"line":37},"3":{"name":"handleSelectConversation","decl":{"start":{"line":53,"column":34},"end":{"line":56,"column":3}},"loc":{"start":{"line":53,"column":34},"end":{"line":56,"column":3}},"line":53},"4":{"name":"onClick","decl":{"start":{"line":65,"column":15},"end":{"line":65,"column":42}},"loc":{"start":{"line":65,"column":15},"end":{"line":65,"column":42}},"line":65},"5":{"name":"onClick","decl":{"start":{"line":77,"column":15},"end":{"line":77,"column":43}},"loc":{"start":{"line":77,"column":15},"end":{"line":77,"column":43}},"line":77},"6":{"name":"onClick","decl":{"start":{"line":104,"column":15},"end":{"line":104,"column":55}},"loc":{"start":{"line":104,"column":15},"end":{"line":104,"column":55}},"line":104},"7":{"name":"onKeyDown","decl":{"start":{"line":105,"column":17},"end":{"line":110,"column":8}},"loc":{"start":{"line":105,"column":17},"end":{"line":110,"column":8}},"line":105},"8":{"name":"onClick","decl":{"start":{"line":121,"column":16},"end":{"line":121,"column":48}},"loc":{"start":{"line":121,"column":16},"end":{"line":121,"column":48}},"line":121}},"f":{"0":2,"1":0,"2":0,"3":0,"4":0,"5":0,"6":0,"7":0,"8":0}}
,"/Users/gong/Programming/Projects/willow-demo/packages/chat/src/client/components/chat/AssistantMessage.tsx": {"path":"/Users/gong/Programming/Projects/willow-demo/packages/chat/src/client/components/chat/AssistantMessage.tsx","all":false,"statementMap":{"0":{"start":{"line":1,"column":0},"end":{"line":1,"column":8}},"5":{"start":{"line":6,"column":0},"end":{"line":6,"column":69}},"6":{"start":{"line":7,"column":0},"end":{"line":7,"column":56}},"7":{"start":{"line":8,"column":0},"end":{"line":8,"column":32}},"8":{"start":{"line":9,"column":0},"end":{"line":9,"column":35}},"13":{"start":{"line":14,"column":0},"end":{"line":14,"column":57}},"14":{"start":{"line":15,"column":0},"end":{"line":15,"column":57}},"15":{"start":{"line":16,"column":0},"end":{"line":16,"column":55}},"16":{"start":{"line":17,"column":0},"end":{"line":17,"column":67}},"18":{"start":{"line":19,"column":0},"end":{"line":19,"column":46}},"19":{"start":{"line":20,"column":0},"end":{"line":20,"column":76}},"20":{"start":{"line":21,"column":0},"end":{"line":21,"column":1}},"22":{"start":{"line":23,"column":0},"end":{"line":23,"column":29}},"23":{"start":{"line":24,"column":0},"end":{"line":24,"column":50}},"24":{"start":{"line":25,"column":0},"end":{"line":25,"column":29}},"25":{"start":{"line":26,"column":0},"end":{"line":26,"column":9}},"26":{"start":{"line":27,"column":0},"end":{"line":27,"column":65}},"27":{"start":{"line":28,"column":0},"end":{"line":28,"column":31}},"28":{"start":{"line":29,"column":0},"end":{"line":29,"column":9}},"30":{"start":{"line":31,"column":0},"end":{"line":31,"column":1}},"32":{"start":{"line":33,"column":0},"end":{"line":33,"column":25}},"33":{"start":{"line":34,"column":0},"end":{"line":34,"column":62}},"34":{"start":{"line":35,"column":0},"end":{"line":35,"column":1}},"36":{"start":{"line":37,"column":0},"end":{"line":37,"column":26}},"37":{"start":{"line":38,"column":0},"end":{"line":38,"column":46}},"38":{"start":{"line":39,"column":0},"end":{"line":39,"column":35}},"39":{"start":{"line":40,"column":0},"end":{"line":40,"column":28}},"40":{"start":{"line":41,"column":0},"end":{"line":41,"column":50}},"41":{"start":{"line":42,"column":0},"end":{"line":42,"column":51}},"42":{"start":{"line":43,"column":0},"end":{"line":43,"column":3}},"43":{"start":{"line":44,"column":0},"end":{"line":44,"column":14}},"44":{"start":{"line":45,"column":0},"end":{"line":45,"column":15}},"45":{"start":{"line":46,"column":0},"end":{"line":46,"column":30}},"46":{"start":{"line":47,"column":0},"end":{"line":47,"column":61}},"47":{"start":{"line":48,"column":0},"end":{"line":48,"column":1}},"49":{"start":{"line":50,"column":0},"end":{"line":50,"column":27}},"50":{"start":{"line":51,"column":0},"end":{"line":51,"column":46}},"51":{"start":{"line":52,"column":0},"end":{"line":52,"column":36}},"52":{"start":{"line":53,"column":0},"end":{"line":53,"column":28}},"53":{"start":{"line":54,"column":0},"end":{"line":54,"column":51}},"54":{"start":{"line":55,"column":0},"end":{"line":55,"column":52}},"55":{"start":{"line":56,"column":0},"end":{"line":56,"column":3}},"56":{"start":{"line":57,"column":0},"end":{"line":57,"column":14}},"57":{"start":{"line":58,"column":0},"end":{"line":58,"column":15}},"58":{"start":{"line":59,"column":0},"end":{"line":59,"column":31}},"59":{"start":{"line":60,"column":0},"end":{"line":60,"column":48}},"60":{"start":{"line":61,"column":0},"end":{"line":61,"column":1}},"62":{"start":{"line":63,"column":0},"end":{"line":63,"column":36}},"63":{"start":{"line":64,"column":0},"end":{"line":64,"column":9}},"64":{"start":{"line":65,"column":0},"end":{"line":65,"column":58}},"65":{"start":{"line":66,"column":0},"end":{"line":66,"column":51}},"66":{"start":{"line":67,"column":0},"end":{"line":67,"column":21}},"67":{"start":{"line":68,"column":0},"end":{"line":68,"column":78}},"68":{"start":{"line":69,"column":0},"end":{"line":69,"column":30}},"69":{"start":{"line":70,"column":0},"end":{"line":70,"column":19}},"70":{"start":{"line":71,"column":0},"end":{"line":71,"column":26}},"71":{"start":{"line":72,"column":0},"end":{"line":72,"column":35}},"72":{"start":{"line":73,"column":0},"end":{"line":73,"column":15}},"73":{"start":{"line":74,"column":0},"end":{"line":74,"column":40}},"74":{"start":{"line":75,"column":0},"end":{"line":75,"column":9}},"75":{"start":{"line":76,"column":0},"end":{"line":76,"column":8}},"76":{"start":{"line":77,"column":0},"end":{"line":77,"column":7}},"77":{"start":{"line":78,"column":0},"end":{"line":78,"column":10}},"78":{"start":{"line":79,"column":0},"end":{"line":79,"column":22}},"79":{"start":{"line":80,"column":0},"end":{"line":80,"column":100}},"80":{"start":{"line":81,"column":0},"end":{"line":81,"column":25}},"81":{"start":{"line":82,"column":0},"end":{"line":82,"column":66}},"82":{"start":{"line":83,"column":0},"end":{"line":83,"column":30}},"83":{"start":{"line":84,"column":0},"end":{"line":84,"column":28}},"84":{"start":{"line":85,"column":0},"end":{"line":85,"column":113}},"86":{"start":{"line":87,"column":0},"end":{"line":87,"column":44}},"87":{"start":{"line":88,"column":0},"end":{"line":88,"column":32}},"88":{"start":{"line":89,"column":0},"end":{"line":89,"column":140}},"89":{"start":{"line":90,"column":0},"end":{"line":90,"column":40}},"90":{"start":{"line":91,"column":0},"end":{"line":91,"column":34}},"91":{"start":{"line":92,"column":0},"end":{"line":92,"column":31}},"92":{"start":{"line":93,"column":0},"end":{"line":93,"column":10}},"93":{"start":{"line":94,"column":0},"end":{"line":94,"column":9}},"94":{"start":{"line":95,"column":0},"end":{"line":95,"column":26}},"96":{"start":{"line":97,"column":0},"end":{"line":97,"column":1}}},"s":{"0":1,"5":1,"6":1,"7":1,"8":1,"13":1,"14":1,"15":1,"16":1,"18":2,"19":2,"20":2,"22":2,"23":2,"24":2,"25":2,"26":2,"27":2,"28":2,"30":2,"32":0,"33":0,"34":0,"36":2,"37":2,"38":2,"39":2,"40":0,"41":0,"42":0,"43":2,"44":2,"45":2,"46":0,"47":0,"49":2,"50":2,"51":2,"52":2,"53":0,"54":0,"55":0,"56":2,"57":2,"58":2,"59":0,"60":0,"62":1,"63":2,"64":2,"65":2,"66":2,"67":2,"68":2,"69":2,"70":2,"71":2,"72":2,"73":2,"74":2,"75":2,"76":2,"77":2,"78":2,"79":2,"80":2,"81":2,"82":2,"83":2,"84":2,"86":2,"87":2,"88":2,"89":2,"90":2,"91":2,"92":2,"93":2,"94":2,"96":2},"branchMap":{"0":{"type":"branch","line":19,"loc":{"start":{"line":19,"column":0},"end":{"line":21,"column":1}},"locations":[{"start":{"line":19,"column":0},"end":{"line":21,"column":1}}]},"1":{"type":"branch","line":23,"loc":{"start":{"line":23,"column":0},"end":{"line":31,"column":1}},"locations":[{"start":{"line":23,"column":0},"end":{"line":31,"column":1}}]},"2":{"type":"branch","line":25,"loc":{"start":{"line":25,"column":17},"end":{"line":25,"column":29}},"locations":[{"start":{"line":25,"column":17},"end":{"line":25,"column":29}}]},"3":{"type":"branch","line":24,"loc":{"start":{"line":24,"column":30},"end":{"line":24,"column":48}},"locations":[{"start":{"line":24,"column":30},"end":{"line":24,"column":48}}]},"4":{"type":"branch","line":37,"loc":{"start":{"line":37,"column":0},"end":{"line":48,"column":1}},"locations":[{"start":{"line":37,"column":0},"end":{"line":48,"column":1}}]},"5":{"type":"branch","line":46,"loc":{"start":{"line":46,"column":25},"end":{"line":48,"column":1}},"locations":[{"start":{"line":46,"column":25},"end":{"line":48,"column":1}}]},"6":{"type":"branch","line":38,"loc":{"start":{"line":38,"column":28},"end":{"line":38,"column":44}},"locations":[{"start":{"line":38,"column":28},"end":{"line":38,"column":44}}]},"7":{"type":"branch","line":39,"loc":{"start":{"line":39,"column":28},"end":{"line":45,"column":4}},"locations":[{"start":{"line":39,"column":28},"end":{"line":45,"column":4}}]},"8":{"type":"branch","line":40,"loc":{"start":{"line":40,"column":27},"end":{"line":43,"column":3}},"locations":[{"start":{"line":40,"column":27},"end":{"line":43,"column":3}}]},"9":{"type":"branch","line":50,"loc":{"start":{"line":50,"column":0},"end":{"line":61,"column":1}},"locations":[{"start":{"line":50,"column":0},"end":{"line":61,"column":1}}]},"10":{"type":"branch","line":59,"loc":{"start":{"line":59,"column":26},"end":{"line":61,"column":1}},"locations":[{"start":{"line":59,"column":26},"end":{"line":61,"column":1}}]},"11":{"type":"branch","line":51,"loc":{"start":{"line":51,"column":28},"end":{"line":51,"column":44}},"locations":[{"start":{"line":51,"column":28},"end":{"line":51,"column":44}}]},"12":{"type":"branch","line":52,"loc":{"start":{"line":52,"column":29},"end":{"line":58,"column":4}},"locations":[{"start":{"line":52,"column":29},"end":{"line":58,"column":4}}]},"13":{"type":"branch","line":53,"loc":{"start":{"line":53,"column":27},"end":{"line":56,"column":3}},"locations":[{"start":{"line":53,"column":27},"end":{"line":56,"column":3}}]},"14":{"type":"branch","line":63,"loc":{"start":{"line":63,"column":7},"end":{"line":97,"column":1}},"locations":[{"start":{"line":63,"column":7},"end":{"line":97,"column":1}}]}},"b":{"0":[2],"1":[2],"2":[0],"3":[2],"4":[2],"5":[0],"6":[2],"7":[2],"8":[0],"9":[2],"10":[0],"11":[2],"12":[2],"13":[0],"14":[2]},"fnMap":{"0":{"name":"formatTimestamp","decl":{"start":{"line":19,"column":0},"end":{"line":21,"column":1}},"loc":{"start":{"line":19,"column":0},"end":{"line":21,"column":1}},"line":19},"1":{"name":"MessageTimestamp","decl":{"start":{"line":23,"column":0},"end":{"line":31,"column":1}},"loc":{"start":{"line":23,"column":0},"end":{"line":31,"column":1}},"line":23},"2":{"name":"MarkdownText","decl":{"start":{"line":33,"column":0},"end":{"line":35,"column":1}},"loc":{"start":{"line":33,"column":0},"end":{"line":35,"column":1}},"line":33},"3":{"name":"SearchResults","decl":{"start":{"line":37,"column":0},"end":{"line":48,"column":1}},"loc":{"start":{"line":37,"column":0},"end":{"line":48,"column":1}},"line":37},"4":{"name":"IndexerResults","decl":{"start":{"line":50,"column":0},"end":{"line":61,"column":1}},"loc":{"start":{"line":50,"column":0},"end":{"line":61,"column":1}},"line":50},"5":{"name":"AssistantMessage","decl":{"start":{"line":63,"column":7},"end":{"line":97,"column":1}},"loc":{"start":{"line":63,"column":7},"end":{"line":97,"column":1}},"line":63}},"f":{"0":2,"1":2,"2":0,"3":2,"4":2,"5":2}}
,"/Users/gong/Programming/Projects/willow-demo/packages/chat/src/client/components/chat/ChatComposer.tsx": {"path":"/Users/gong/Programming/Projects/willow-demo/packages/chat/src/client/components/chat/ChatComposer.tsx","all":false,"statementMap":{"0":{"start":{"line":1,"column":0},"end":{"line":1,"column":8}},"8":{"start":{"line":9,"column":0},"end":{"line":9,"column":58}},"9":{"start":{"line":10,"column":0},"end":{"line":10,"column":52}},"11":{"start":{"line":12,"column":0},"end":{"line":12,"column":23}},"12":{"start":{"line":13,"column":0},"end":{"line":13,"column":42}},"14":{"start":{"line":15,"column":0},"end":{"line":15,"column":9}},"15":{"start":{"line":16,"column":0},"end":{"line":16,"column":9}},"16":{"start":{"line":17,"column":0},"end":{"line":17,"column":16}},"17":{"start":{"line":18,"column":0},"end":{"line":18,"column":44}},"18":{"start":{"line":19,"column":0},"end":{"line":19,"column":116}},"19":{"start":{"line":20,"column":0},"end":{"line":20,"column":35}},"21":{"start":{"line":22,"column":0},"end":{"line":22,"column":33}},"22":{"start":{"line":23,"column":0},"end":{"line":23,"column":11}},"24":{"start":{"line":25,"column":0},"end":{"line":25,"column":1}},"26":{"start":{"line":27,"column":0},"end":{"line":27,"column":36}},"27":{"start":{"line":28,"column":0},"end":{"line":28,"column":67}},"28":{"start":{"line":29,"column":0},"end":{"line":29,"column":50}},"29":{"start":{"line":30,"column":0},"end":{"line":30,"column":44}},"31":{"start":{"line":32,"column":0},"end":{"line":32,"column":18}},"32":{"start":{"line":33,"column":0},"end":{"line":33,"column":47}},"33":{"start":{"line":34,"column":0},"end":{"line":34,"column":30}},"34":{"start":{"line":35,"column":0},"end":{"line":35,"column":41}},"35":{"start":{"line":36,"column":0},"end":{"line":36,"column":22}},"36":{"start":{"line":37,"column":0},"end":{"line":37,"column":41}},"37":{"start":{"line":38,"column":0},"end":{"line":38,"column":3}},"38":{"start":{"line":39,"column":0},"end":{"line":39,"column":17}},"39":{"start":{"line":40,"column":0},"end":{"line":40,"column":54}},"40":{"start":{"line":41,"column":0},"end":{"line":41,"column":3}},"41":{"start":{"line":42,"column":0},"end":{"line":42,"column":13}},"43":{"start":{"line":44,"column":0},"end":{"line":44,"column":9}},"44":{"start":{"line":45,"column":0},"end":{"line":45,"column":66}},"45":{"start":{"line":46,"column":0},"end":{"line":46,"column":87}},"46":{"start":{"line":47,"column":0},"end":{"line":47,"column":19}},"47":{"start":{"line":48,"column":0},"end":{"line":48,"column":9}},"48":{"start":{"line":49,"column":0},"end":{"line":49,"column":22}},"49":{"start":{"line":50,"column":0},"end":{"line":50,"column":22}},"50":{"start":{"line":51,"column":0},"end":{"line":51,"column":44}},"51":{"start":{"line":52,"column":0},"end":{"line":52,"column":7}},"53":{"start":{"line":54,"column":0},"end":{"line":54,"column":99}},"54":{"start":{"line":55,"column":0},"end":{"line":55,"column":60}},"55":{"start":{"line":56,"column":0},"end":{"line":56,"column":11}},"57":{"start":{"line":58,"column":0},"end":{"line":58,"column":9}},"58":{"start":{"line":59,"column":0},"end":{"line":59,"column":213}},"59":{"start":{"line":60,"column":0},"end":{"line":60,"column":29}},"60":{"start":{"line":61,"column":0},"end":{"line":61,"column":32}},"61":{"start":{"line":62,"column":0},"end":{"line":62,"column":29}},"63":{"start":{"line":64,"column":0},"end":{"line":64,"column":1}},"72":{"start":{"line":73,"column":0},"end":{"line":73,"column":46}},"73":{"start":{"line":74,"column":0},"end":{"line":74,"column":40}},"74":{"start":{"line":75,"column":0},"end":{"line":75,"column":1}},"76":{"start":{"line":77,"column":0},"end":{"line":77,"column":82}},"77":{"start":{"line":78,"column":0},"end":{"line":78,"column":46}},"78":{"start":{"line":79,"column":0},"end":{"line":79,"column":46}},"79":{"start":{"line":80,"column":0},"end":{"line":80,"column":35}},"81":{"start":{"line":82,"column":0},"end":{"line":82,"column":18}},"82":{"start":{"line":83,"column":0},"end":{"line":83,"column":34}},"83":{"start":{"line":84,"column":0},"end":{"line":84,"column":29}},"84":{"start":{"line":85,"column":0},"end":{"line":85,"column":47}},"85":{"start":{"line":86,"column":0},"end":{"line":86,"column":19}},"86":{"start":{"line":87,"column":0},"end":{"line":87,"column":7}},"87":{"start":{"line":88,"column":0},"end":{"line":88,"column":44}},"88":{"start":{"line":89,"column":0},"end":{"line":89,"column":20}},"89":{"start":{"line":90,"column":0},"end":{"line":90,"column":40}},"90":{"start":{"line":91,"column":0},"end":{"line":91,"column":4}},"91":{"start":{"line":92,"column":0},"end":{"line":92,"column":41}},"92":{"start":{"line":93,"column":0},"end":{"line":93,"column":60}},"93":{"start":{"line":94,"column":0},"end":{"line":94,"column":74}},"94":{"start":{"line":95,"column":0},"end":{"line":95,"column":60}},"95":{"start":{"line":96,"column":0},"end":{"line":96,"column":4}},"96":{"start":{"line":97,"column":0},"end":{"line":97,"column":11}},"98":{"start":{"line":99,"column":0},"end":{"line":99,"column":3}},"99":{"start":{"line":100,"column":0},"end":{"line":100,"column":33}},"101":{"start":{"line":102,"column":0},"end":{"line":102,"column":18}},"102":{"start":{"line":103,"column":0},"end":{"line":103,"column":22}},"103":{"start":{"line":104,"column":0},"end":{"line":104,"column":44}},"104":{"start":{"line":105,"column":0},"end":{"line":105,"column":29}},"105":{"start":{"line":106,"column":0},"end":{"line":106,"column":21}},"106":{"start":{"line":107,"column":0},"end":{"line":107,"column":48}},"107":{"start":{"line":108,"column":0},"end":{"line":108,"column":14}},"108":{"start":{"line":109,"column":0},"end":{"line":109,"column":18}},"109":{"start":{"line":110,"column":0},"end":{"line":110,"column":38}},"110":{"start":{"line":111,"column":0},"end":{"line":111,"column":8}},"111":{"start":{"line":112,"column":0},"end":{"line":112,"column":5}},"112":{"start":{"line":113,"column":0},"end":{"line":113,"column":52}},"113":{"start":{"line":114,"column":0},"end":{"line":114,"column":60}},"114":{"start":{"line":115,"column":0},"end":{"line":115,"column":11}},"115":{"start":{"line":116,"column":0},"end":{"line":116,"column":40}},"116":{"start":{"line":117,"column":0},"end":{"line":117,"column":4}},"117":{"start":{"line":118,"column":0},"end":{"line":118,"column":4}},"119":{"start":{"line":120,"column":0},"end":{"line":120,"column":43}},"120":{"start":{"line":121,"column":0},"end":{"line":121,"column":16}},"121":{"start":{"line":122,"column":0},"end":{"line":122,"column":27}},"122":{"start":{"line":123,"column":0},"end":{"line":123,"column":10}},"123":{"start":{"line":124,"column":0},"end":{"line":124,"column":4}},"124":{"start":{"line":125,"column":0},"end":{"line":125,"column":33}},"126":{"start":{"line":127,"column":0},"end":{"line":127,"column":13}},"127":{"start":{"line":128,"column":0},"end":{"line":128,"column":1}},"129":{"start":{"line":130,"column":0},"end":{"line":130,"column":32}},"130":{"start":{"line":131,"column":0},"end":{"line":131,"column":9}},"131":{"start":{"line":132,"column":0},"end":{"line":132,"column":55}},"132":{"start":{"line":133,"column":0},"end":{"line":133,"column":84}},"133":{"start":{"line":134,"column":0},"end":{"line":134,"column":34}},"134":{"start":{"line":135,"column":0},"end":{"line":135,"column":18}},"135":{"start":{"line":136,"column":0},"end":{"line":136,"column":37}},"136":{"start":{"line":137,"column":0},"end":{"line":137,"column":36}},"137":{"start":{"line":138,"column":0},"end":{"line":138,"column":42}},"138":{"start":{"line":139,"column":0},"end":{"line":139,"column":7}},"139":{"start":{"line":140,"column":0},"end":{"line":140,"column":6}},"140":{"start":{"line":141,"column":0},"end":{"line":141,"column":55}},"141":{"start":{"line":142,"column":0},"end":{"line":142,"column":152}},"142":{"start":{"line":143,"column":0},"end":{"line":143,"column":39}},"143":{"start":{"line":144,"column":0},"end":{"line":144,"column":39}},"144":{"start":{"line":145,"column":0},"end":{"line":145,"column":29}},"145":{"start":{"line":146,"column":0},"end":{"line":146,"column":37}},"146":{"start":{"line":147,"column":0},"end":{"line":147,"column":102}},"147":{"start":{"line":148,"column":0},"end":{"line":148,"column":15}},"148":{"start":{"line":149,"column":0},"end":{"line":149,"column":7}},"149":{"start":{"line":150,"column":0},"end":{"line":150,"column":33}},"150":{"start":{"line":151,"column":0},"end":{"line":151,"column":20}},"151":{"start":{"line":152,"column":0},"end":{"line":152,"column":26}},"152":{"start":{"line":153,"column":0},"end":{"line":153,"column":41}},"153":{"start":{"line":154,"column":0},"end":{"line":154,"column":138}},"154":{"start":{"line":155,"column":0},"end":{"line":155,"column":35}},"155":{"start":{"line":156,"column":0},"end":{"line":156,"column":31}},"156":{"start":{"line":157,"column":0},"end":{"line":157,"column":26}},"157":{"start":{"line":158,"column":0},"end":{"line":158,"column":10}},"158":{"start":{"line":159,"column":0},"end":{"line":159,"column":28}},"159":{"start":{"line":160,"column":0},"end":{"line":160,"column":8}},"161":{"start":{"line":162,"column":0},"end":{"line":162,"column":1}}},"s":{"0":1,"8":1,"9":1,"11":1,"12":1,"14":1,"15":1,"16":1,"17":1,"18":1,"19":1,"21":1,"22":1,"24":1,"26":0,"27":0,"28":0,"29":0,"31":0,"32":0,"33":0,"34":0,"35":0,"36":0,"37":0,"38":0,"39":0,"40":0,"41":0,"43":0,"44":0,"45":0,"46":0,"47":0,"48":0,"49":0,"50":0,"51":0,"53":0,"54":0,"55":0,"57":0,"58":0,"59":0,"60":0,"61":0,"63":0,"72":0,"73":0,"74":0,"76":1,"77":0,"78":0,"79":0,"81":0,"82":0,"83":0,"84":0,"85":0,"86":0,"87":0,"88":0,"89":0,"90":0,"91":0,"92":0,"93":0,"94":0,"95":0,"96":0,"98":0,"99":0,"101":0,"102":0,"103":0,"104":0,"105":0,"106":0,"107":0,"108":0,"109":0,"110":0,"111":0,"112":0,"113":0,"114":0,"115":0,"116":0,"117":0,"119":0,"120":0,"121":0,"122":0,"123":0,"124":0,"126":0,"127":0,"129":1,"130":1,"131":1,"132":1,"133":1,"134":1,"135":1,"136":1,"137":1,"138":1,"139":1,"140":1,"141":1,"142":1,"143":1,"144":1,"145":1,"146":1,"147":1,"148":1,"149":1,"150":1,"151":1,"152":1,"153":1,"154":1,"155":1,"156":1,"157":1,"158":1,"159":1,"161":1},"branchMap":{"0":{"type":"branch","line":12,"loc":{"start":{"line":12,"column":0},"end":{"line":25,"column":1}},"locations":[{"start":{"line":12,"column":0},"end":{"line":25,"column":1}}]},"1":{"type":"branch","line":130,"loc":{"start":{"line":130,"column":7},"end":{"line":162,"column":1}},"locations":[{"start":{"line":130,"column":7},"end":{"line":162,"column":1}}]}},"b":{"0":[1],"1":[1]},"fnMap":{"0":{"name":"StopButton","decl":{"start":{"line":12,"column":0},"end":{"line":25,"column":1}},"loc":{"start":{"line":12,"column":0},"end":{"line":25,"column":1}},"line":12},"1":{"name":"onClick","decl":{"start":{"line":18,"column":12},"end":{"line":18,"column":44}},"loc":{"start":{"line":18,"column":12},"end":{"line":18,"column":44}},"line":18},"2":{"name":"ComposerImageAttachment","decl":{"start":{"line":27,"column":0},"end":{"line":64,"column":1}},"loc":{"start":{"line":27,"column":0},"end":{"line":64,"column":1}},"line":27},"3":{"name":"getDraftKey","decl":{"start":{"line":73,"column":0},"end":{"line":75,"column":1}},"loc":{"start":{"line":73,"column":0},"end":{"line":75,"column":1}},"line":73},"4":{"name":"DraftPersistence","decl":{"start":{"line":77,"column":7},"end":{"line":128,"column":1}},"loc":{"start":{"line":77,"column":7},"end":{"line":128,"column":1}},"line":77},"5":{"name":"ChatComposer","decl":{"start":{"line":130,"column":7},"end":{"line":162,"column":1}},"loc":{"start":{"line":130,"column":7},"end":{"line":162,"column":1}},"line":130}},"f":{"0":1,"1":0,"2":0,"3":0,"4":0,"5":1}}
,"/Users/gong/Programming/Projects/willow-demo/packages/chat/src/client/components/chat/ChatThread.tsx": {"path":"/Users/gong/Programming/Projects/willow-demo/packages/chat/src/client/components/chat/ChatThread.tsx","all":false,"statementMap":{"0":{"start":{"line":1,"column":0},"end":{"line":1,"column":8}},"5":{"start":{"line":6,"column":0},"end":{"line":6,"column":55}},"6":{"start":{"line":7,"column":0},"end":{"line":7,"column":43}},"7":{"start":{"line":8,"column":0},"end":{"line":8,"column":51}},"8":{"start":{"line":9,"column":0},"end":{"line":9,"column":63}},"9":{"start":{"line":10,"column":0},"end":{"line":10,"column":71}},"10":{"start":{"line":11,"column":0},"end":{"line":11,"column":8}},"14":{"start":{"line":15,"column":0},"end":{"line":15,"column":57}},"15":{"start":{"line":16,"column":0},"end":{"line":16,"column":67}},"16":{"start":{"line":17,"column":0},"end":{"line":17,"column":49}},"17":{"start":{"line":18,"column":0},"end":{"line":18,"column":63}},"18":{"start":{"line":19,"column":0},"end":{"line":19,"column":47}},"20":{"start":{"line":21,"column":0},"end":{"line":21,"column":28}},"21":{"start":{"line":22,"column":0},"end":{"line":22,"column":16}},"22":{"start":{"line":23,"column":0},"end":{"line":23,"column":4}},"24":{"start":{"line":25,"column":0},"end":{"line":25,"column":4}},"25":{"start":{"line":26,"column":0},"end":{"line":26,"column":38}},"27":{"start":{"line":28,"column":0},"end":{"line":28,"column":43}},"28":{"start":{"line":29,"column":0},"end":{"line":29,"column":32}},"29":{"start":{"line":30,"column":0},"end":{"line":30,"column":55}},"30":{"start":{"line":31,"column":0},"end":{"line":31,"column":10}},"31":{"start":{"line":32,"column":0},"end":{"line":32,"column":11}},"32":{"start":{"line":33,"column":0},"end":{"line":33,"column":56}},"33":{"start":{"line":34,"column":0},"end":{"line":34,"column":39}},"34":{"start":{"line":35,"column":0},"end":{"line":35,"column":9}},"35":{"start":{"line":36,"column":0},"end":{"line":36,"column":38}},"36":{"start":{"line":37,"column":0},"end":{"line":37,"column":42}},"37":{"start":{"line":38,"column":0},"end":{"line":38,"column":23}},"38":{"start":{"line":39,"column":0},"end":{"line":39,"column":41}},"39":{"start":{"line":40,"column":0},"end":{"line":40,"column":19}},"40":{"start":{"line":41,"column":0},"end":{"line":41,"column":22}},"41":{"start":{"line":42,"column":0},"end":{"line":42,"column":39}},"42":{"start":{"line":43,"column":0},"end":{"line":43,"column":37}},"43":{"start":{"line":44,"column":0},"end":{"line":44,"column":11}},"44":{"start":{"line":45,"column":0},"end":{"line":45,"column":8}},"45":{"start":{"line":46,"column":0},"end":{"line":46,"column":19}},"46":{"start":{"line":47,"column":0},"end":{"line":47,"column":7}},"47":{"start":{"line":48,"column":0},"end":{"line":48,"column":13}},"48":{"start":{"line":49,"column":0},"end":{"line":49,"column":25}},"49":{"start":{"line":50,"column":0},"end":{"line":50,"column":6}},"50":{"start":{"line":51,"column":0},"end":{"line":51,"column":15}},"51":{"start":{"line":52,"column":0},"end":{"line":52,"column":41}},"52":{"start":{"line":53,"column":0},"end":{"line":53,"column":36}},"53":{"start":{"line":54,"column":0},"end":{"line":54,"column":34}},"54":{"start":{"line":55,"column":0},"end":{"line":55,"column":8}},"55":{"start":{"line":56,"column":0},"end":{"line":56,"column":36}},"56":{"start":{"line":57,"column":0},"end":{"line":57,"column":26}},"57":{"start":{"line":58,"column":0},"end":{"line":58,"column":8}},"58":{"start":{"line":59,"column":0},"end":{"line":59,"column":5}},"59":{"start":{"line":60,"column":0},"end":{"line":60,"column":5}},"60":{"start":{"line":61,"column":0},"end":{"line":61,"column":4}},"61":{"start":{"line":62,"column":0},"end":{"line":62,"column":35}},"63":{"start":{"line":64,"column":0},"end":{"line":64,"column":61}},"65":{"start":{"line":66,"column":0},"end":{"line":66,"column":43}},"66":{"start":{"line":67,"column":0},"end":{"line":67,"column":13}},"67":{"start":{"line":68,"column":0},"end":{"line":68,"column":38}},"68":{"start":{"line":69,"column":0},"end":{"line":69,"column":11}},"69":{"start":{"line":70,"column":0},"end":{"line":70,"column":4}},"70":{"start":{"line":71,"column":0},"end":{"line":71,"column":4}},"72":{"start":{"line":73,"column":0},"end":{"line":73,"column":70}},"73":{"start":{"line":74,"column":0},"end":{"line":74,"column":17}},"74":{"start":{"line":75,"column":0},"end":{"line":75,"column":22}},"75":{"start":{"line":76,"column":0},"end":{"line":76,"column":3}},"77":{"start":{"line":78,"column":0},"end":{"line":78,"column":18}},"78":{"start":{"line":79,"column":0},"end":{"line":79,"column":47}},"79":{"start":{"line":80,"column":0},"end":{"line":80,"column":28}},"80":{"start":{"line":81,"column":0},"end":{"line":81,"column":9}},"81":{"start":{"line":82,"column":0},"end":{"line":82,"column":32}},"82":{"start":{"line":83,"column":0},"end":{"line":83,"column":13}},"84":{"start":{"line":85,"column":0},"end":{"line":85,"column":5}},"85":{"start":{"line":86,"column":0},"end":{"line":86,"column":4}},"86":{"start":{"line":87,"column":0},"end":{"line":87,"column":4}},"87":{"start":{"line":88,"column":0},"end":{"line":88,"column":54}},"88":{"start":{"line":89,"column":0},"end":{"line":89,"column":70}},"89":{"start":{"line":90,"column":0},"end":{"line":90,"column":15}},"91":{"start":{"line":92,"column":0},"end":{"line":92,"column":9}},"92":{"start":{"line":93,"column":0},"end":{"line":93,"column":46}},"93":{"start":{"line":94,"column":0},"end":{"line":94,"column":55}},"94":{"start":{"line":95,"column":0},"end":{"line":95,"column":49}},"95":{"start":{"line":96,"column":0},"end":{"line":96,"column":92}},"96":{"start":{"line":97,"column":0},"end":{"line":97,"column":30}},"97":{"start":{"line":98,"column":0},"end":{"line":98,"column":32}},"98":{"start":{"line":99,"column":0},"end":{"line":99,"column":62}},"100":{"start":{"line":101,"column":0},"end":{"line":101,"column":29}},"101":{"start":{"line":102,"column":0},"end":{"line":102,"column":91}},"102":{"start":{"line":103,"column":0},"end":{"line":103,"column":71}},"103":{"start":{"line":104,"column":0},"end":{"line":104,"column":62}},"107":{"start":{"line":108,"column":0},"end":{"line":108,"column":12}},"108":{"start":{"line":109,"column":0},"end":{"line":109,"column":13}},"109":{"start":{"line":110,"column":0},"end":{"line":110,"column":30}},"110":{"start":{"line":111,"column":0},"end":{"line":111,"column":31}},"111":{"start":{"line":112,"column":0},"end":{"line":112,"column":20}},"112":{"start":{"line":113,"column":0},"end":{"line":113,"column":20}},"113":{"start":{"line":114,"column":0},"end":{"line":114,"column":25}},"114":{"start":{"line":115,"column":0},"end":{"line":115,"column":21}},"115":{"start":{"line":116,"column":0},"end":{"line":116,"column":9}},"116":{"start":{"line":117,"column":0},"end":{"line":117,"column":8}},"117":{"start":{"line":118,"column":0},"end":{"line":118,"column":27}},"118":{"start":{"line":119,"column":0},"end":{"line":119,"column":55}},"120":{"start":{"line":121,"column":0},"end":{"line":121,"column":32}},"122":{"start":{"line":123,"column":0},"end":{"line":123,"column":284}},"123":{"start":{"line":124,"column":0},"end":{"line":124,"column":41}},"124":{"start":{"line":125,"column":0},"end":{"line":125,"column":38}},"126":{"start":{"line":127,"column":0},"end":{"line":127,"column":21}},"127":{"start":{"line":128,"column":0},"end":{"line":128,"column":27}},"128":{"start":{"line":129,"column":0},"end":{"line":129,"column":9}},"129":{"start":{"line":130,"column":0},"end":{"line":130,"column":29}},"131":{"start":{"line":132,"column":0},"end":{"line":132,"column":1}}},"s":{"0":1,"5":1,"6":1,"7":1,"8":1,"9":1,"10":1,"14":1,"15":1,"16":1,"17":1,"18":1,"20":1,"21":1,"22":1,"24":1,"25":1,"27":1,"28":1,"29":1,"30":1,"31":1,"32":1,"33":0,"34":0,"35":0,"36":0,"37":0,"38":0,"39":0,"40":0,"41":0,"42":0,"43":0,"44":0,"45":0,"46":0,"47":0,"48":0,"49":0,"50":0,"51":0,"52":0,"53":0,"54":0,"55":0,"56":0,"57":0,"58":0,"59":0,"60":1,"61":1,"63":1,"65":1,"66":1,"67":1,"68":1,"69":1,"70":1,"72":1,"73":1,"74":1,"75":1,"77":1,"78":1,"79":0,"80":0,"81":0,"82":0,"84":0,"85":0,"86":0,"87":1,"88":1,"89":1,"91":1,"92":1,"93":1,"94":1,"95":1,"96":1,"97":1,"98":1,"100":1,"101":1,"102":1,"103":1,"107":1,"108":1,"109":1,"110":1,"111":1,"112":1,"113":1,"114":1,"115":1,"116":1,"117":1,"118":0,"120":1,"122":1,"123":1,"124":1,"126":1,"127":1,"128":1,"129":1,"131":1},"branchMap":{"0":{"type":"branch","line":21,"loc":{"start":{"line":21,"column":7},"end":{"line":132,"column":1}},"locations":[{"start":{"line":21,"column":7},"end":{"line":132,"column":1}}]},"1":{"type":"branch","line":118,"loc":{"start":{"line":118,"column":7},"end":{"line":119,"column":55}},"locations":[{"start":{"line":118,"column":7},"end":{"line":119,"column":55}}]},"2":{"type":"branch","line":29,"loc":{"start":{"line":29,"column":25},"end":{"line":62,"column":4}},"locations":[{"start":{"line":29,"column":25},"end":{"line":62,"column":4}}]},"3":{"type":"branch","line":78,"loc":{"start":{"line":78,"column":11},"end":{"line":90,"column":4}},"locations":[{"start":{"line":78,"column":11},"end":{"line":90,"column":4}}]}},"b":{"0":[1],"1":[0],"2":[1],"3":[1]},"fnMap":{"0":{"name":"ChatThread","decl":{"start":{"line":21,"column":7},"end":{"line":132,"column":1}},"loc":{"start":{"line":21,"column":7},"end":{"line":132,"column":1}},"line":21},"1":{"name":"run","decl":{"start":{"line":33,"column":3},"end":{"line":60,"column":5}},"loc":{"start":{"line":33,"column":3},"end":{"line":60,"column":5}},"line":33},"2":{"name":"handleKeyDown","decl":{"start":{"line":79,"column":24},"end":{"line":87,"column":4}},"loc":{"start":{"line":79,"column":24},"end":{"line":87,"column":4}},"line":79}},"f":{"0":1,"1":0,"2":0}}
,"/Users/gong/Programming/Projects/willow-demo/packages/chat/src/client/components/chat/EditComposer.tsx": {"path":"/Users/gong/Programming/Projects/willow-demo/packages/chat/src/client/components/chat/EditComposer.tsx","all":true,"statementMap":{"0":{"start":{"line":1,"column":0},"end":{"line":1,"column":74}},"1":{"start":{"line":2,"column":0},"end":{"line":2,"column":42}},"3":{"start":{"line":4,"column":0},"end":{"line":4,"column":32}},"4":{"start":{"line":5,"column":0},"end":{"line":5,"column":42}},"6":{"start":{"line":7,"column":0},"end":{"line":7,"column":18}},"7":{"start":{"line":8,"column":0},"end":{"line":8,"column":72}},"8":{"start":{"line":9,"column":0},"end":{"line":9,"column":8}},"10":{"start":{"line":11,"column":0},"end":{"line":11,"column":9}},"11":{"start":{"line":12,"column":0},"end":{"line":12,"column":64}},"12":{"start":{"line":13,"column":0},"end":{"line":13,"column":49}},"13":{"start":{"line":14,"column":0},"end":{"line":14,"column":118}},"14":{"start":{"line":15,"column":0},"end":{"line":15,"column":129}},"15":{"start":{"line":16,"column":0},"end":{"line":16,"column":58}},"16":{"start":{"line":17,"column":0},"end":{"line":17,"column":153}},"18":{"start":{"line":19,"column":0},"end":{"line":19,"column":33}},"19":{"start":{"line":20,"column":0},"end":{"line":20,"column":125}},"21":{"start":{"line":22,"column":0},"end":{"line":22,"column":31}},"22":{"start":{"line":23,"column":0},"end":{"line":23,"column":11}},"23":{"start":{"line":24,"column":0},"end":{"line":24,"column":29}},"24":{"start":{"line":25,"column":0},"end":{"line":25,"column":9}},"25":{"start":{"line":26,"column":0},"end":{"line":26,"column":26}},"27":{"start":{"line":28,"column":0},"end":{"line":28,"column":1}}},"s":{"0":0,"1":0,"3":0,"4":0,"6":0,"7":0,"8":0,"10":0,"11":0,"12":0,"13":0,"14":0,"15":0,"16":0,"18":0,"19":0,"21":0,"22":0,"23":0,"24":0,"25":0,"27":0},"branchMap":{"0":{"type":"branch","line":1,"loc":{"start":{"line":1,"column":1200},"end":{"line":28,"column":1}},"locations":[{"start":{"line":1,"column":1200},"end":{"line":28,"column":1}}]}},"b":{"0":[0]},"fnMap":{"0":{"name":"(empty-report)","decl":{"start":{"line":1,"column":1200},"end":{"line":28,"column":1}},"loc":{"start":{"line":1,"column":1200},"end":{"line":28,"column":1}},"line":1}},"f":{"0":0}}
,"/Users/gong/Programming/Projects/willow-demo/packages/chat/src/client/components/chat/IndexerIndicator.tsx": {"path":"/Users/gong/Programming/Projects/willow-demo/packages/chat/src/client/components/chat/IndexerIndicator.tsx","all":true,"statementMap":{"0":{"start":{"line":1,"column":0},"end":{"line":1,"column":73}},"1":{"start":{"line":2,"column":0},"end":{"line":2,"column":33}},"3":{"start":{"line":4,"column":0},"end":{"line":4,"column":61}},"5":{"start":{"line":6,"column":0},"end":{"line":6,"column":26}},"6":{"start":{"line":7,"column":0},"end":{"line":7,"column":4}},"7":{"start":{"line":8,"column":0},"end":{"line":8,"column":4}},"9":{"start":{"line":10,"column":0},"end":{"line":10,"column":4}},"10":{"start":{"line":11,"column":0},"end":{"line":11,"column":9}},"11":{"start":{"line":12,"column":0},"end":{"line":12,"column":16}},"12":{"start":{"line":13,"column":0},"end":{"line":13,"column":25}},"13":{"start":{"line":14,"column":0},"end":{"line":14,"column":17}},"14":{"start":{"line":15,"column":0},"end":{"line":15,"column":21}},"15":{"start":{"line":16,"column":0},"end":{"line":16,"column":23}},"16":{"start":{"line":17,"column":0},"end":{"line":17,"column":4}},"18":{"start":{"line":19,"column":0},"end":{"line":19,"column":1}},"20":{"start":{"line":21,"column":0},"end":{"line":21,"column":74}},"21":{"start":{"line":22,"column":0},"end":{"line":22,"column":51}},"23":{"start":{"line":24,"column":0},"end":{"line":24,"column":52}},"25":{"start":{"line":26,"column":0},"end":{"line":26,"column":9}},"26":{"start":{"line":27,"column":0},"end":{"line":27,"column":6}},"27":{"start":{"line":28,"column":0},"end":{"line":28,"column":97}},"28":{"start":{"line":29,"column":0},"end":{"line":29,"column":45}},"29":{"start":{"line":30,"column":0},"end":{"line":30,"column":6}},"31":{"start":{"line":32,"column":0},"end":{"line":32,"column":10}},"32":{"start":{"line":33,"column":0},"end":{"line":33,"column":17}},"33":{"start":{"line":34,"column":0},"end":{"line":34,"column":44}},"34":{"start":{"line":35,"column":0},"end":{"line":35,"column":114}},"36":{"start":{"line":37,"column":0},"end":{"line":37,"column":18}},"37":{"start":{"line":38,"column":0},"end":{"line":38,"column":78}},"39":{"start":{"line":40,"column":0},"end":{"line":40,"column":62}},"41":{"start":{"line":42,"column":0},"end":{"line":42,"column":51}},"42":{"start":{"line":43,"column":0},"end":{"line":43,"column":58}},"43":{"start":{"line":44,"column":0},"end":{"line":44,"column":11}},"44":{"start":{"line":45,"column":0},"end":{"line":45,"column":18}},"45":{"start":{"line":46,"column":0},"end":{"line":46,"column":76}},"47":{"start":{"line":48,"column":0},"end":{"line":48,"column":75}},"49":{"start":{"line":50,"column":0},"end":{"line":50,"column":12}},"50":{"start":{"line":51,"column":0},"end":{"line":51,"column":48}},"51":{"start":{"line":52,"column":0},"end":{"line":52,"column":64}},"52":{"start":{"line":53,"column":0},"end":{"line":53,"column":34}},"53":{"start":{"line":54,"column":0},"end":{"line":54,"column":53}},"54":{"start":{"line":55,"column":0},"end":{"line":55,"column":8}},"55":{"start":{"line":56,"column":0},"end":{"line":56,"column":10}},"57":{"start":{"line":58,"column":0},"end":{"line":58,"column":8}},"59":{"start":{"line":60,"column":0},"end":{"line":60,"column":1}}},"s":{"0":0,"1":0,"3":0,"5":0,"6":0,"7":0,"9":0,"10":0,"11":0,"12":0,"13":0,"14":0,"15":0,"16":0,"18":0,"20":0,"21":0,"23":0,"25":0,"26":0,"27":0,"28":0,"29":0,"31":0,"32":0,"33":0,"34":0,"36":0,"37":0,"39":0,"41":0,"42":0,"43":0,"44":0,"45":0,"47":0,"49":0,"50":0,"51":0,"52":0,"53":0,"54":0,"55":0,"57":0,"59":0},"branchMap":{"0":{"type":"branch","line":1,"loc":{"start":{"line":1,"column":1751},"end":{"line":60,"column":1}},"locations":[{"start":{"line":1,"column":1751},"end":{"line":60,"column":1}}]}},"b":{"0":[0]},"fnMap":{"0":{"name":"(empty-report)","decl":{"start":{"line":1,"column":1751},"end":{"line":60,"column":1}},"loc":{"start":{"line":1,"column":1751},"end":{"line":60,"column":1}},"line":1}},"f":{"0":0}}
,"/Users/gong/Programming/Projects/willow-demo/packages/chat/src/client/components/chat/ReasoningDisplay.tsx": {"path":"/Users/gong/Programming/Projects/willow-demo/packages/chat/src/client/components/chat/ReasoningDisplay.tsx","all":true,"statementMap":{"0":{"start":{"line":1,"column":0},"end":{"line":1,"column":57}},"1":{"start":{"line":2,"column":0},"end":{"line":2,"column":33}},"3":{"start":{"line":4,"column":0},"end":{"line":4,"column":34}},"4":{"start":{"line":5,"column":0},"end":{"line":5,"column":6}},"5":{"start":{"line":6,"column":0},"end":{"line":6,"column":59}},"6":{"start":{"line":7,"column":0},"end":{"line":7,"column":49}},"8":{"start":{"line":9,"column":0},"end":{"line":9,"column":9}},"9":{"start":{"line":10,"column":0},"end":{"line":10,"column":102}},"10":{"start":{"line":11,"column":0},"end":{"line":11,"column":10}},"11":{"start":{"line":12,"column":0},"end":{"line":12,"column":17}},"12":{"start":{"line":13,"column":0},"end":{"line":13,"column":42}},"13":{"start":{"line":14,"column":0},"end":{"line":14,"column":114}},"15":{"start":{"line":16,"column":0},"end":{"line":16,"column":77}},"17":{"start":{"line":18,"column":0},"end":{"line":18,"column":11}},"18":{"start":{"line":19,"column":0},"end":{"line":19,"column":31}},"19":{"start":{"line":20,"column":0},"end":{"line":20,"column":17}},"20":{"start":{"line":21,"column":0},"end":{"line":21,"column":75}},"22":{"start":{"line":23,"column":0},"end":{"line":23,"column":76}},"24":{"start":{"line":25,"column":0},"end":{"line":25,"column":12}},"25":{"start":{"line":26,"column":0},"end":{"line":26,"column":17}},"26":{"start":{"line":27,"column":0},"end":{"line":27,"column":54}},"27":{"start":{"line":28,"column":0},"end":{"line":28,"column":95}},"28":{"start":{"line":29,"column":0},"end":{"line":29,"column":12}},"29":{"start":{"line":30,"column":0},"end":{"line":30,"column":11}},"30":{"start":{"line":31,"column":0},"end":{"line":31,"column":10}},"32":{"start":{"line":33,"column":0},"end":{"line":33,"column":8}},"34":{"start":{"line":35,"column":0},"end":{"line":35,"column":1}}},"s":{"0":0,"1":0,"3":0,"4":0,"5":0,"6":0,"8":0,"9":0,"10":0,"11":0,"12":0,"13":0,"15":0,"17":0,"18":0,"19":0,"20":0,"22":0,"24":0,"25":0,"26":0,"27":0,"28":0,"29":0,"30":0,"32":0,"34":0},"branchMap":{"0":{"type":"branch","line":1,"loc":{"start":{"line":1,"column":1113},"end":{"line":35,"column":1}},"locations":[{"start":{"line":1,"column":1113},"end":{"line":35,"column":1}}]}},"b":{"0":[0]},"fnMap":{"0":{"name":"(empty-report)","decl":{"start":{"line":1,"column":1113},"end":{"line":35,"column":1}},"loc":{"start":{"line":1,"column":1113},"end":{"line":35,"column":1}},"line":1}},"f":{"0":0}}
,"/Users/gong/Programming/Projects/willow-demo/packages/chat/src/client/components/chat/ReconnectStreamView.tsx": {"path":"/Users/gong/Programming/Projects/willow-demo/packages/chat/src/client/components/chat/ReconnectStreamView.tsx","all":true,"statementMap":{"0":{"start":{"line":1,"column":0},"end":{"line":1,"column":61}},"1":{"start":{"line":2,"column":0},"end":{"line":2,"column":43}},"2":{"start":{"line":3,"column":0},"end":{"line":3,"column":35}},"3":{"start":{"line":4,"column":0},"end":{"line":4,"column":57}},"4":{"start":{"line":5,"column":0},"end":{"line":5,"column":52}},"26":{"start":{"line":27,"column":0},"end":{"line":27,"column":78}},"27":{"start":{"line":28,"column":0},"end":{"line":28,"column":36}},"28":{"start":{"line":29,"column":0},"end":{"line":29,"column":51}},"29":{"start":{"line":30,"column":0},"end":{"line":30,"column":55}},"30":{"start":{"line":31,"column":0},"end":{"line":31,"column":36}},"31":{"start":{"line":32,"column":0},"end":{"line":32,"column":38}},"32":{"start":{"line":33,"column":0},"end":{"line":33,"column":29}},"33":{"start":{"line":34,"column":0},"end":{"line":34,"column":10}},"35":{"start":{"line":36,"column":0},"end":{"line":36,"column":9}},"36":{"start":{"line":37,"column":0},"end":{"line":37,"column":40}},"37":{"start":{"line":38,"column":0},"end":{"line":38,"column":51}},"38":{"start":{"line":39,"column":0},"end":{"line":39,"column":78}},"39":{"start":{"line":40,"column":0},"end":{"line":40,"column":30}},"40":{"start":{"line":41,"column":0},"end":{"line":41,"column":70}},"42":{"start":{"line":43,"column":0},"end":{"line":43,"column":57}},"43":{"start":{"line":44,"column":0},"end":{"line":44,"column":48}},"44":{"start":{"line":45,"column":0},"end":{"line":45,"column":61}},"45":{"start":{"line":46,"column":0},"end":{"line":46,"column":14}},"46":{"start":{"line":47,"column":0},"end":{"line":47,"column":11}},"47":{"start":{"line":48,"column":0},"end":{"line":48,"column":27}},"48":{"start":{"line":49,"column":0},"end":{"line":49,"column":80}},"50":{"start":{"line":51,"column":0},"end":{"line":51,"column":59}},"51":{"start":{"line":52,"column":0},"end":{"line":52,"column":24}},"52":{"start":{"line":53,"column":0},"end":{"line":53,"column":77}},"53":{"start":{"line":54,"column":0},"end":{"line":54,"column":26}},"54":{"start":{"line":55,"column":0},"end":{"line":55,"column":67}},"56":{"start":{"line":57,"column":0},"end":{"line":57,"column":89}},"58":{"start":{"line":59,"column":0},"end":{"line":59,"column":14}},"59":{"start":{"line":60,"column":0},"end":{"line":60,"column":100}},"61":{"start":{"line":62,"column":0},"end":{"line":62,"column":45}},"62":{"start":{"line":63,"column":0},"end":{"line":63,"column":16}},"63":{"start":{"line":64,"column":0},"end":{"line":64,"column":14}},"64":{"start":{"line":65,"column":0},"end":{"line":65,"column":13}},"66":{"start":{"line":67,"column":0},"end":{"line":67,"column":8}},"67":{"start":{"line":68,"column":0},"end":{"line":68,"column":23}},"68":{"start":{"line":69,"column":0},"end":{"line":69,"column":49}},"69":{"start":{"line":70,"column":0},"end":{"line":70,"column":21}},"70":{"start":{"line":71,"column":0},"end":{"line":71,"column":22}},"72":{"start":{"line":73,"column":0},"end":{"line":73,"column":10}},"73":{"start":{"line":74,"column":0},"end":{"line":74,"column":9}},"74":{"start":{"line":75,"column":0},"end":{"line":75,"column":8}},"76":{"start":{"line":77,"column":0},"end":{"line":77,"column":1}}},"s":{"0":0,"1":0,"2":0,"3":0,"4":0,"26":0,"27":0,"28":0,"29":0,"30":0,"31":0,"32":0,"33":0,"35":0,"36":0,"37":0,"38":0,"39":0,"40":0,"42":0,"43":0,"44":0,"45":0,"46":0,"47":0,"48":0,"50":0,"51":0,"52":0,"53":0,"54":0,"56":0,"58":0,"59":0,"61":0,"62":0,"63":0,"64":0,"66":0,"67":0,"68":0,"69":0,"70":0,"72":0,"73":0,"74":0,"76":0},"branchMap":{"0":{"type":"branch","line":1,"loc":{"start":{"line":1,"column":2283},"end":{"line":77,"column":1}},"locations":[{"start":{"line":1,"column":2283},"end":{"line":77,"column":1}}]}},"b":{"0":[0]},"fnMap":{"0":{"name":"(empty-report)","decl":{"start":{"line":1,"column":2283},"end":{"line":77,"column":1}},"loc":{"start":{"line":1,"column":2283},"end":{"line":77,"column":1}},"line":1}},"f":{"0":0}}
,"/Users/gong/Programming/Projects/willow-demo/packages/chat/src/client/components/chat/SearchIndicator.tsx": {"path":"/Users/gong/Programming/Projects/willow-demo/packages/chat/src/client/components/chat/SearchIndicator.tsx","all":true,"statementMap":{"0":{"start":{"line":1,"column":0},"end":{"line":1,"column":74}},"1":{"start":{"line":2,"column":0},"end":{"line":2,"column":33}},"2":{"start":{"line":3,"column":0},"end":{"line":3,"column":61}},"12":{"start":{"line":13,"column":0},"end":{"line":13,"column":60}},"13":{"start":{"line":14,"column":0},"end":{"line":14,"column":9}},"14":{"start":{"line":15,"column":0},"end":{"line":15,"column":16}},"15":{"start":{"line":16,"column":0},"end":{"line":16,"column":25}},"16":{"start":{"line":17,"column":0},"end":{"line":17,"column":17}},"17":{"start":{"line":18,"column":0},"end":{"line":18,"column":21}},"18":{"start":{"line":19,"column":0},"end":{"line":19,"column":23}},"19":{"start":{"line":20,"column":0},"end":{"line":20,"column":4}},"21":{"start":{"line":22,"column":0},"end":{"line":22,"column":1}},"23":{"start":{"line":24,"column":0},"end":{"line":24,"column":33}},"24":{"start":{"line":25,"column":0},"end":{"line":25,"column":11}},"25":{"start":{"line":26,"column":0},"end":{"line":26,"column":4}},"27":{"start":{"line":28,"column":0},"end":{"line":28,"column":4}},"28":{"start":{"line":29,"column":0},"end":{"line":29,"column":51}},"31":{"start":{"line":32,"column":0},"end":{"line":32,"column":69}},"33":{"start":{"line":34,"column":0},"end":{"line":34,"column":9}},"34":{"start":{"line":35,"column":0},"end":{"line":35,"column":6}},"35":{"start":{"line":36,"column":0},"end":{"line":36,"column":97}},"36":{"start":{"line":37,"column":0},"end":{"line":37,"column":47}},"37":{"start":{"line":38,"column":0},"end":{"line":38,"column":6}},"39":{"start":{"line":40,"column":0},"end":{"line":40,"column":10}},"40":{"start":{"line":41,"column":0},"end":{"line":41,"column":17}},"41":{"start":{"line":42,"column":0},"end":{"line":42,"column":44}},"42":{"start":{"line":43,"column":0},"end":{"line":43,"column":114}},"44":{"start":{"line":45,"column":0},"end":{"line":45,"column":20}},"45":{"start":{"line":46,"column":0},"end":{"line":46,"column":76}},"47":{"start":{"line":48,"column":0},"end":{"line":48,"column":62}},"49":{"start":{"line":50,"column":0},"end":{"line":50,"column":51}},"50":{"start":{"line":51,"column":0},"end":{"line":51,"column":62}},"51":{"start":{"line":52,"column":0},"end":{"line":52,"column":11}},"52":{"start":{"line":53,"column":0},"end":{"line":53,"column":18}},"53":{"start":{"line":54,"column":0},"end":{"line":54,"column":76}},"55":{"start":{"line":56,"column":0},"end":{"line":56,"column":75}},"57":{"start":{"line":58,"column":0},"end":{"line":58,"column":12}},"58":{"start":{"line":59,"column":0},"end":{"line":59,"column":43}},"59":{"start":{"line":60,"column":0},"end":{"line":60,"column":64}},"60":{"start":{"line":61,"column":0},"end":{"line":61,"column":29}},"61":{"start":{"line":62,"column":0},"end":{"line":62,"column":55}},"62":{"start":{"line":63,"column":0},"end":{"line":63,"column":8}},"63":{"start":{"line":64,"column":0},"end":{"line":64,"column":10}},"65":{"start":{"line":66,"column":0},"end":{"line":66,"column":8}},"67":{"start":{"line":68,"column":0},"end":{"line":68,"column":1}}},"s":{"0":0,"1":0,"2":0,"12":0,"13":0,"14":0,"15":0,"16":0,"17":0,"18":0,"19":0,"21":0,"23":0,"24":0,"25":0,"27":0,"28":0,"31":0,"33":0,"34":0,"35":0,"36":0,"37":0,"39":0,"40":0,"41":0,"42":0,"44":0,"45":0,"47":0,"49":0,"50":0,"51":0,"52":0,"53":0,"55":0,"57":0,"58":0,"59":0,"60":0,"61":0,"62":0,"63":0,"65":0,"67":0},"branchMap":{"0":{"type":"branch","line":1,"loc":{"start":{"line":1,"column":1899},"end":{"line":68,"column":1}},"locations":[{"start":{"line":1,"column":1899},"end":{"line":68,"column":1}}]}},"b":{"0":[0]},"fnMap":{"0":{"name":"(empty-report)","decl":{"start":{"line":1,"column":1899},"end":{"line":68,"column":1}},"loc":{"start":{"line":1,"column":1899},"end":{"line":68,"column":1}},"line":1}},"f":{"0":0}}
,"/Users/gong/Programming/Projects/willow-demo/packages/chat/src/client/components/chat/ToolCallDisplay.tsx": {"path":"/Users/gong/Programming/Projects/willow-demo/packages/chat/src/client/components/chat/ToolCallDisplay.tsx","all":true,"statementMap":{"1":{"start":{"line":2,"column":0},"end":{"line":2,"column":8}},"8":{"start":{"line":9,"column":0},"end":{"line":9,"column":33}},"10":{"start":{"line":11,"column":0},"end":{"line":11,"column":80}},"11":{"start":{"line":12,"column":0},"end":{"line":12,"column":76}},"12":{"start":{"line":13,"column":0},"end":{"line":13,"column":33}},"13":{"start":{"line":14,"column":0},"end":{"line":14,"column":71}},"14":{"start":{"line":15,"column":0},"end":{"line":15,"column":33}},"15":{"start":{"line":16,"column":0},"end":{"line":16,"column":59}},"16":{"start":{"line":17,"column":0},"end":{"line":17,"column":50}},"17":{"start":{"line":18,"column":0},"end":{"line":18,"column":55}},"18":{"start":{"line":19,"column":0},"end":{"line":19,"column":68}},"19":{"start":{"line":20,"column":0},"end":{"line":20,"column":2}},"21":{"start":{"line":22,"column":0},"end":{"line":22,"column":29}},"22":{"start":{"line":23,"column":0},"end":{"line":23,"column":18}},"23":{"start":{"line":24,"column":0},"end":{"line":24,"column":31}},"24":{"start":{"line":25,"column":0},"end":{"line":25,"column":11}},"25":{"start":{"line":26,"column":0},"end":{"line":26,"column":34}},"26":{"start":{"line":27,"column":0},"end":{"line":27,"column":25}},"27":{"start":{"line":28,"column":0},"end":{"line":28,"column":51}},"28":{"start":{"line":29,"column":0},"end":{"line":29,"column":74}},"29":{"start":{"line":30,"column":0},"end":{"line":30,"column":1}},"31":{"start":{"line":32,"column":0},"end":{"line":32,"column":66}},"32":{"start":{"line":33,"column":0},"end":{"line":33,"column":51}},"33":{"start":{"line":34,"column":0},"end":{"line":34,"column":49}},"34":{"start":{"line":35,"column":0},"end":{"line":35,"column":40}},"35":{"start":{"line":36,"column":0},"end":{"line":36,"column":44}},"37":{"start":{"line":38,"column":0},"end":{"line":38,"column":9}},"38":{"start":{"line":39,"column":0},"end":{"line":39,"column":80}},"39":{"start":{"line":40,"column":0},"end":{"line":40,"column":10}},"40":{"start":{"line":41,"column":0},"end":{"line":41,"column":17}},"41":{"start":{"line":42,"column":0},"end":{"line":42,"column":55}},"42":{"start":{"line":43,"column":0},"end":{"line":43,"column":114}},"43":{"start":{"line":44,"column":0},"end":{"line":44,"column":25}},"45":{"start":{"line":46,"column":0},"end":{"line":46,"column":16}},"46":{"start":{"line":47,"column":0},"end":{"line":47,"column":72}},"47":{"start":{"line":48,"column":0},"end":{"line":48,"column":21}},"48":{"start":{"line":49,"column":0},"end":{"line":49,"column":62}},"50":{"start":{"line":51,"column":0},"end":{"line":51,"column":84}},"52":{"start":{"line":53,"column":0},"end":{"line":53,"column":9}},"53":{"start":{"line":54,"column":0},"end":{"line":54,"column":92}},"55":{"start":{"line":56,"column":0},"end":{"line":56,"column":40}},"56":{"start":{"line":57,"column":0},"end":{"line":57,"column":11}},"57":{"start":{"line":58,"column":0},"end":{"line":58,"column":17}},"58":{"start":{"line":59,"column":0},"end":{"line":59,"column":18}},"59":{"start":{"line":60,"column":0},"end":{"line":60,"column":76}},"61":{"start":{"line":62,"column":0},"end":{"line":62,"column":77}},"63":{"start":{"line":64,"column":0},"end":{"line":64,"column":12}},"64":{"start":{"line":65,"column":0},"end":{"line":65,"column":30}},"65":{"start":{"line":66,"column":0},"end":{"line":66,"column":54}},"66":{"start":{"line":67,"column":0},"end":{"line":67,"column":105}},"67":{"start":{"line":68,"column":0},"end":{"line":68,"column":33}},"68":{"start":{"line":69,"column":0},"end":{"line":69,"column":15}},"69":{"start":{"line":70,"column":0},"end":{"line":70,"column":41}},"70":{"start":{"line":71,"column":0},"end":{"line":71,"column":11}},"71":{"start":{"line":72,"column":0},"end":{"line":72,"column":10}},"73":{"start":{"line":74,"column":0},"end":{"line":74,"column":8}},"75":{"start":{"line":76,"column":0},"end":{"line":76,"column":1}}},"s":{"1":0,"8":0,"10":0,"11":0,"12":0,"13":0,"14":0,"15":0,"16":0,"17":0,"18":0,"19":0,"21":0,"22":0,"23":0,"24":0,"25":0,"26":0,"27":0,"28":0,"29":0,"31":0,"32":0,"33":0,"34":0,"35":0,"37":0,"38":0,"39":0,"40":0,"41":0,"42":0,"43":0,"45":0,"46":0,"47":0,"48":0,"50":0,"52":0,"53":0,"55":0,"56":0,"57":0,"58":0,"59":0,"61":0,"63":0,"64":0,"65":0,"66":0,"67":0,"68":0,"69":0,"70":0,"71":0,"73":0,"75":0},"branchMap":{"0":{"type":"branch","line":1,"loc":{"start":{"line":1,"column":2590},"end":{"line":76,"column":1}},"locations":[{"start":{"line":1,"column":2590},"end":{"line":76,"column":1}}]}},"b":{"0":[1]},"fnMap":{"0":{"name":"(empty-report)","decl":{"start":{"line":1,"column":2590},"end":{"line":76,"column":1}},"loc":{"start":{"line":1,"column":2590},"end":{"line":76,"column":1}},"line":1}},"f":{"0":1}}
,"/Users/gong/Programming/Projects/willow-demo/packages/chat/src/client/components/chat/UserMessage.tsx": {"path":"/Users/gong/Programming/Projects/willow-demo/packages/chat/src/client/components/chat/UserMessage.tsx","all":false,"statementMap":{"0":{"start":{"line":1,"column":0},"end":{"line":1,"column":8}},"7":{"start":{"line":8,"column":0},"end":{"line":8,"column":53}},"8":{"start":{"line":9,"column":0},"end":{"line":9,"column":33}},"10":{"start":{"line":11,"column":0},"end":{"line":11,"column":26}},"11":{"start":{"line":12,"column":0},"end":{"line":12,"column":37}},"12":{"start":{"line":13,"column":0},"end":{"line":13,"column":49}},"13":{"start":{"line":14,"column":0},"end":{"line":14,"column":32}},"14":{"start":{"line":15,"column":0},"end":{"line":15,"column":9}},"15":{"start":{"line":16,"column":0},"end":{"line":16,"column":4}},"16":{"start":{"line":17,"column":0},"end":{"line":17,"column":77}},"17":{"start":{"line":18,"column":0},"end":{"line":18,"column":8}},"18":{"start":{"line":19,"column":0},"end":{"line":19,"column":22}},"19":{"start":{"line":20,"column":0},"end":{"line":20,"column":11}},"20":{"start":{"line":21,"column":0},"end":{"line":21,"column":87}},"21":{"start":{"line":22,"column":0},"end":{"line":22,"column":6}},"22":{"start":{"line":23,"column":0},"end":{"line":23,"column":12}},"23":{"start":{"line":24,"column":0},"end":{"line":24,"column":17}},"24":{"start":{"line":25,"column":0},"end":{"line":25,"column":8}},"25":{"start":{"line":26,"column":0},"end":{"line":26,"column":95}},"26":{"start":{"line":27,"column":0},"end":{"line":27,"column":39}},"27":{"start":{"line":28,"column":0},"end":{"line":28,"column":64}},"29":{"start":{"line":30,"column":0},"end":{"line":30,"column":9}},"30":{"start":{"line":31,"column":0},"end":{"line":31,"column":23}},"31":{"start":{"line":32,"column":0},"end":{"line":32,"column":12}},"32":{"start":{"line":33,"column":0},"end":{"line":33,"column":65}},"33":{"start":{"line":34,"column":0},"end":{"line":34,"column":7}},"34":{"start":{"line":35,"column":0},"end":{"line":35,"column":10}},"36":{"start":{"line":37,"column":0},"end":{"line":37,"column":5}},"38":{"start":{"line":39,"column":0},"end":{"line":39,"column":1}},"40":{"start":{"line":41,"column":0},"end":{"line":41,"column":34}},"41":{"start":{"line":42,"column":0},"end":{"line":42,"column":49}},"42":{"start":{"line":43,"column":0},"end":{"line":43,"column":50}},"43":{"start":{"line":44,"column":0},"end":{"line":44,"column":44}},"45":{"start":{"line":46,"column":0},"end":{"line":46,"column":41}},"47":{"start":{"line":48,"column":0},"end":{"line":48,"column":54}},"49":{"start":{"line":50,"column":0},"end":{"line":50,"column":9}},"50":{"start":{"line":51,"column":0},"end":{"line":51,"column":4}},"51":{"start":{"line":52,"column":0},"end":{"line":52,"column":77}},"52":{"start":{"line":53,"column":0},"end":{"line":53,"column":8}},"53":{"start":{"line":54,"column":0},"end":{"line":54,"column":19}},"54":{"start":{"line":55,"column":0},"end":{"line":55,"column":21}},"55":{"start":{"line":56,"column":0},"end":{"line":56,"column":87}},"56":{"start":{"line":57,"column":0},"end":{"line":57,"column":6}},"57":{"start":{"line":58,"column":0},"end":{"line":58,"column":12}},"58":{"start":{"line":59,"column":0},"end":{"line":59,"column":17}},"59":{"start":{"line":60,"column":0},"end":{"line":60,"column":8}},"60":{"start":{"line":61,"column":0},"end":{"line":61,"column":95}},"61":{"start":{"line":62,"column":0},"end":{"line":62,"column":39}},"62":{"start":{"line":63,"column":0},"end":{"line":63,"column":64}},"64":{"start":{"line":65,"column":0},"end":{"line":65,"column":9}},"65":{"start":{"line":66,"column":0},"end":{"line":66,"column":20}},"66":{"start":{"line":67,"column":0},"end":{"line":67,"column":22}},"67":{"start":{"line":68,"column":0},"end":{"line":68,"column":65}},"68":{"start":{"line":69,"column":0},"end":{"line":69,"column":7}},"69":{"start":{"line":70,"column":0},"end":{"line":70,"column":10}},"71":{"start":{"line":72,"column":0},"end":{"line":72,"column":5}},"73":{"start":{"line":74,"column":0},"end":{"line":74,"column":1}},"75":{"start":{"line":76,"column":0},"end":{"line":76,"column":46}},"76":{"start":{"line":77,"column":0},"end":{"line":77,"column":76}},"77":{"start":{"line":78,"column":0},"end":{"line":78,"column":1}},"79":{"start":{"line":80,"column":0},"end":{"line":80,"column":29}},"80":{"start":{"line":81,"column":0},"end":{"line":81,"column":50}},"81":{"start":{"line":82,"column":0},"end":{"line":82,"column":29}},"82":{"start":{"line":83,"column":0},"end":{"line":83,"column":9}},"83":{"start":{"line":84,"column":0},"end":{"line":84,"column":65}},"84":{"start":{"line":85,"column":0},"end":{"line":85,"column":31}},"85":{"start":{"line":86,"column":0},"end":{"line":86,"column":9}},"87":{"start":{"line":88,"column":0},"end":{"line":88,"column":1}},"89":{"start":{"line":90,"column":0},"end":{"line":90,"column":31}},"90":{"start":{"line":91,"column":0},"end":{"line":91,"column":9}},"91":{"start":{"line":92,"column":0},"end":{"line":92,"column":70}},"92":{"start":{"line":93,"column":0},"end":{"line":93,"column":62}},"93":{"start":{"line":94,"column":0},"end":{"line":94,"column":33}},"94":{"start":{"line":95,"column":0},"end":{"line":95,"column":18}},"95":{"start":{"line":96,"column":0},"end":{"line":96,"column":35}},"96":{"start":{"line":97,"column":0},"end":{"line":97,"column":34}},"97":{"start":{"line":98,"column":0},"end":{"line":98,"column":40}},"98":{"start":{"line":99,"column":0},"end":{"line":99,"column":7}},"99":{"start":{"line":100,"column":0},"end":{"line":100,"column":6}},"100":{"start":{"line":101,"column":0},"end":{"line":101,"column":78}},"101":{"start":{"line":102,"column":0},"end":{"line":102,"column":71}},"102":{"start":{"line":103,"column":0},"end":{"line":103,"column":10}},"103":{"start":{"line":104,"column":0},"end":{"line":104,"column":100}},"104":{"start":{"line":105,"column":0},"end":{"line":105,"column":25}},"105":{"start":{"line":106,"column":0},"end":{"line":106,"column":66}},"106":{"start":{"line":107,"column":0},"end":{"line":107,"column":138}},"107":{"start":{"line":108,"column":0},"end":{"line":108,"column":37}},"108":{"start":{"line":109,"column":0},"end":{"line":109,"column":32}},"109":{"start":{"line":110,"column":0},"end":{"line":110,"column":30}},"110":{"start":{"line":111,"column":0},"end":{"line":111,"column":28}},"111":{"start":{"line":112,"column":0},"end":{"line":112,"column":113}},"113":{"start":{"line":114,"column":0},"end":{"line":114,"column":44}},"114":{"start":{"line":115,"column":0},"end":{"line":115,"column":32}},"115":{"start":{"line":116,"column":0},"end":{"line":116,"column":31}},"116":{"start":{"line":117,"column":0},"end":{"line":117,"column":10}},"117":{"start":{"line":118,"column":0},"end":{"line":118,"column":9}},"118":{"start":{"line":119,"column":0},"end":{"line":119,"column":26}},"120":{"start":{"line":121,"column":0},"end":{"line":121,"column":1}}},"s":{"0":1,"7":1,"8":1,"10":0,"11":0,"12":0,"13":0,"14":0,"15":0,"16":0,"17":0,"18":0,"19":0,"20":0,"21":0,"22":0,"23":0,"24":0,"25":0,"26":0,"27":0,"29":0,"30":0,"31":0,"32":0,"33":0,"34":0,"36":0,"38":0,"40":0,"41":0,"42":0,"43":0,"45":0,"47":0,"49":0,"50":0,"51":0,"52":0,"53":0,"54":0,"55":0,"56":0,"57":0,"58":0,"59":0,"60":0,"61":0,"62":0,"64":0,"65":0,"66":0,"67":0,"68":0,"69":0,"71":0,"73":0,"75":2,"76":2,"77":2,"79":2,"80":2,"81":2,"82":2,"83":2,"84":2,"85":2,"87":2,"89":1,"90":2,"91":2,"92":2,"93":2,"94":2,"95":2,"96":2,"97":2,"98":2,"99":2,"100":2,"101":2,"102":2,"103":2,"104":2,"105":2,"106":2,"107":2,"108":2,"109":2,"110":2,"111":2,"113":2,"114":2,"115":2,"116":2,"117":2,"118":2,"120":2},"branchMap":{"0":{"type":"branch","line":76,"loc":{"start":{"line":76,"column":0},"end":{"line":78,"column":1}},"locations":[{"start":{"line":76,"column":0},"end":{"line":78,"column":1}}]},"1":{"type":"branch","line":80,"loc":{"start":{"line":80,"column":0},"end":{"line":88,"column":1}},"locations":[{"start":{"line":80,"column":0},"end":{"line":88,"column":1}}]},"2":{"type":"branch","line":82,"loc":{"start":{"line":82,"column":17},"end":{"line":82,"column":29}},"locations":[{"start":{"line":82,"column":17},"end":{"line":82,"column":29}}]},"3":{"type":"branch","line":81,"loc":{"start":{"line":81,"column":30},"end":{"line":81,"column":48}},"locations":[{"start":{"line":81,"column":30},"end":{"line":81,"column":48}}]},"4":{"type":"branch","line":90,"loc":{"start":{"line":90,"column":7},"end":{"line":121,"column":1}},"locations":[{"start":{"line":90,"column":7},"end":{"line":121,"column":1}}]}},"b":{"0":[2],"1":[2],"2":[0],"3":[2],"4":[2]},"fnMap":{"0":{"name":"UserImagePart","decl":{"start":{"line":11,"column":0},"end":{"line":39,"column":1}},"loc":{"start":{"line":11,"column":0},"end":{"line":39,"column":1}},"line":11},"1":{"name":"UserMessageAttachment","decl":{"start":{"line":41,"column":0},"end":{"line":74,"column":1}},"loc":{"start":{"line":41,"column":0},"end":{"line":74,"column":1}},"line":41},"2":{"name":"formatTimestamp","decl":{"start":{"line":76,"column":0},"end":{"line":78,"column":1}},"loc":{"start":{"line":76,"column":0},"end":{"line":78,"column":1}},"line":76},"3":{"name":"MessageTimestamp","decl":{"start":{"line":80,"column":0},"end":{"line":88,"column":1}},"loc":{"start":{"line":80,"column":0},"end":{"line":88,"column":1}},"line":80},"4":{"name":"UserMessage","decl":{"start":{"line":90,"column":7},"end":{"line":121,"column":1}},"loc":{"start":{"line":90,"column":7},"end":{"line":121,"column":1}},"line":90}},"f":{"0":0,"1"
[...]
:13,"217":24,"218":24,"220":5,"221":5,"222":5,"223":5,"224":5,"225":5,"226":5,"227":5,"228":5,"229":5,"230":5,"231":24,"233":0,"234":24,"235":8,"236":5,"237":0,"238":5,"239":3,"240":3,"242":3,"243":5,"244":0,"245":0,"246":0,"248":0,"249":0,"250":3,"251":3,"253":5,"254":5,"255":5,"256":5,"257":11,"258":11,"259":3,"260":3,"261":3,"263":0,"264":3,"265":11,"266":5,"268":1,"269":6,"270":6,"271":6,"272":6,"273":6,"274":6,"275":6,"276":1,"277":1,"279":5,"280":5,"281":5,"282":5,"283":5,"284":5,"285":5,"286":5,"287":5,"289":5,"290":5,"291":5,"292":5,"293":5,"294":5,"295":5,"296":5,"297":5,"298":5,"300":1,"301":3,"302":3,"309":1,"310":1,"311":1,"312":1,"314":1,"315":3,"316":2,"317":3,"318":3,"319":3,"320":3,"321":3,"322":3,"324":0,"325":3,"326":2,"327":2,"328":3,"330":1,"331":1,"332":3,"333":3,"334":3,"335":1,"336":1,"337":1,"338":1,"339":1,"340":1,"341":1,"342":1,"344":1,"345":2,"346":2,"347":2,"348":2,"349":2,"351":1,"352":1,"353":1,"354":1,"356":1,"357":2,"358":1,"360":2,"361":0,"362":0,"364":1,"365":1,"366":1,"368":1,"369":1,"370":1,"371":1,"372":1,"373":1,"374":1,"375":1,"376":1},"branchMap":{"0":{"type":"branch","line":22,"loc":{"start":{"line":22,"column":0},"end":{"line":28,"column":1}},"locations":[{"start":{"line":22,"column":0},"end":{"line":28,"column":1}}]},"1":{"type":"branch","line":33,"loc":{"start":{"line":33,"column":0},"end":{"line":52,"column":1}},"locations":[{"start":{"line":33,"column":0},"end":{"line":52,"column":1}}]},"2":{"type":"branch","line":45,"loc":{"start":{"line":45,"column":27},"end":{"line":45,"column":63}},"locations":[{"start":{"line":45,"column":27},"end":{"line":45,"column":63}}]},"3":{"type":"branch","line":45,"loc":{"start":{"line":45,"column":59},"end":{"line":45,"column":68}},"locations":[{"start":{"line":45,"column":59},"end":{"line":45,"column":68}}]},"4":{"type":"branch","line":54,"loc":{"start":{"line":54,"column":0},"end":{"line":70,"column":1}},"locations":[{"start":{"line":54,"column":0},"end":{"line":70,"column":1}}]},"5":{"type":"branch","line":59,"loc":{"start":{"line":59,"column":13},"end":{"line":59,"column":63}},"locations":[{"start":{"line":59,"column":13},"end":{"line":59,"column":63}}]},"6":{"type":"branch","line":59,"loc":{"start":{"line":59,"column":63},"end":{"line":59,"column":70}},"locations":[{"start":{"line":59,"column":63},"end":{"line":59,"column":70}}]},"7":{"type":"branch","line":59,"loc":{"start":{"line":59,"column":63},"end":{"line":67,"column":9}},"locations":[{"start":{"line":59,"column":63},"end":{"line":67,"column":9}}]},"8":{"type":"branch","line":67,"loc":{"start":{"line":67,"column":1},"end":{"line":69,"column":2}},"locations":[{"start":{"line":67,"column":1},"end":{"line":69,"column":2}}]},"9":{"type":"branch","line":72,"loc":{"start":{"line":72,"column":0},"end":{"line":121,"column":1}},"locations":[{"start":{"line":72,"column":0},"end":{"line":121,"column":1}}]},"10":{"type":"branch","line":81,"loc":{"start":{"line":81,"column":35},"end":{"line":84,"column":2}},"locations":[{"start":{"line":81,"column":35},"end":{"line":84,"column":2}}]},"11":{"type":"branch","line":85,"loc":{"start":{"line":85,"column":36},"end":{"line":88,"column":2}},"locations":[{"start":{"line":85,"column":36},"end":{"line":88,"column":2}}]},"12":{"type":"branch","line":90,"loc":{"start":{"line":90,"column":19},"end":{"line":90,"column":48}},"locations":[{"start":{"line":90,"column":19},"end":{"line":90,"column":48}}]},"13":{"type":"branch","line":90,"loc":{"start":{"line":90,"column":48},"end":{"line":93,"column":2}},"locations":[{"start":{"line":90,"column":48},"end":{"line":93,"column":2}}]},"14":{"type":"branch","line":93,"loc":{"start":{"line":93,"column":1},"end":{"line":95,"column":38}},"locations":[{"start":{"line":93,"column":1},"end":{"line":95,"column":38}}]},"15":{"type":"branch","line":95,"loc":{"start":{"line":95,"column":38},"end":{"line":110,"column":2}},"locations":[{"start":{"line":95,"column":38},"end":{"line":110,"column":2}}]},"16":{"type":"branch","line":97,"loc":{"start":{"line":97,"column":28},"end":{"line":98,"column":13}},"locations":[{"start":{"line":97,"column":28},"end":{"line":98,"column":13}}]},"17":{"type":"branch","line":99,"loc":{"start":{"line":99,"column":18},"end":{"line":100,"column":15}},"locations":[{"start":{"line":99,"column":18},"end":{"line":100,"column":15}}]},"18":{"type":"branch","line":110,"loc":{"start":{"line":110,"column":1},"end":{"line":113,"column":31}},"locations":[{"start":{"line":110,"column":1},"end":{"line":113,"column":31}}]},"19":{"type":"branch","line":113,"loc":{"start":{"line":113,"column":24},"end":{"line":113,"column":31}},"locations":[{"start":{"line":113,"column":24},"end":{"line":113,"column":31}}]},"20":{"type":"branch","line":113,"loc":{"start":{"line":113,"column":24},"end":{"line":115,"column":37}},"locations":[{"start":{"line":113,"column":24},"end":{"line":115,"column":37}}]},"21":{"type":"branch","line":115,"loc":{"start":{"line":115,"column":37},"end":{"line":120,"column":2}},"locations":[{"start":{"line":115,"column":37},"end":{"line":120,"column":2}}]},"22":{"type":"branch","line":123,"loc":{"start":{"line":123,"column":0},"end":{"line":140,"column":1}},"locations":[{"start":{"line":123,"column":0},"end":{"line":140,"column":1}}]},"23":{"type":"branch","line":128,"loc":{"start":{"line":128,"column":15},"end":{"line":128,"column":27}},"locations":[{"start":{"line":128,"column":15},"end":{"line":128,"column":27}}]},"24":{"type":"branch","line":128,"loc":{"start":{"line":128,"column":22},"end":{"line":130,"column":36}},"locations":[{"start":{"line":128,"column":22},"end":{"line":130,"column":36}}]},"25":{"type":"branch","line":130,"loc":{"start":{"line":130,"column":36},"end":{"line":135,"column":43}},"locations":[{"start":{"line":130,"column":36},"end":{"line":135,"column":43}}]},"26":{"type":"branch","line":135,"loc":{"start":{"line":135,"column":36},"end":{"line":135,"column":48}},"locations":[{"start":{"line":135,"column":36},"end":{"line":135,"column":48}}]},"27":{"type":"branch","line":135,"loc":{"start":{"line":135,"column":43},"end":{"line":140,"column":1}},"locations":[{"start":{"line":135,"column":43},"end":{"line":140,"column":1}}]},"28":{"type":"branch","line":142,"loc":{"start":{"line":142,"column":0},"end":{"line":164,"column":1}},"locations":[{"start":{"line":142,"column":0},"end":{"line":164,"column":1}}]},"29":{"type":"branch","line":152,"loc":{"start":{"line":152,"column":26},"end":{"line":152,"column":38}},"locations":[{"start":{"line":152,"column":26},"end":{"line":152,"column":38}}]},"30":{"type":"branch","line":154,"loc":{"start":{"line":154,"column":15},"end":{"line":154,"column":27}},"locations":[{"start":{"line":154,"column":15},"end":{"line":154,"column":27}}]},"31":{"type":"branch","line":156,"loc":{"start":{"line":156,"column":27},"end":{"line":157,"column":41}},"locations":[{"start":{"line":156,"column":27},"end":{"line":157,"column":41}}]},"32":{"type":"branch","line":153,"loc":{"start":{"line":153,"column":31},"end":{"line":153,"column":55}},"locations":[{"start":{"line":153,"column":31},"end":{"line":153,"column":55}}]},"33":{"type":"branch","line":166,"loc":{"start":{"line":166,"column":0},"end":{"line":186,"column":1}},"locations":[{"start":{"line":166,"column":0},"end":{"line":186,"column":1}}]},"34":{"type":"branch","line":182,"loc":{"start":{"line":182,"column":25},"end":{"line":184,"column":2}},"locations":[{"start":{"line":182,"column":25},"end":{"line":184,"column":2}}]},"35":{"type":"branch","line":188,"loc":{"start":{"line":188,"column":0},"end":{"line":192,"column":1}},"locations":[{"start":{"line":188,"column":0},"end":{"line":192,"column":1}}]},"36":{"type":"branch","line":189,"loc":{"start":{"line":189,"column":12},"end":{"line":191,"column":4}},"locations":[{"start":{"line":189,"column":12},"end":{"line":191,"column":4}}]},"37":{"type":"branch","line":194,"loc":{"start":{"line":194,"column":0},"end":{"line":252,"column":1}},"locations":[{"start":{"line":194,"column":0},"end":{"line":252,"column":1}}]},"38":{"type":"branch","line":211,"loc":{"start":{"line":211,"column":11},"end":{"line":236,"column":3}},"locations":[{"start":{"line":211,"column":11},"end":{"line":236,"column":3}}]},"39":{"type":"branch","line":212,"loc":{"start":{"line":212,"column":45},"end":{"line":213,"column":19}},"locations":[{"start":{"line":212,"column":45},"end":{"line":213,"column":19}}]},"40":{"type":"branch","line":213,"loc":{"start":{"line":213,"column":13},"end":{"line":213,"column":19}},"locations":[{"start":{"line":213,"column":13},"end":{"line":213,"column":19}}]},"41":{"type":"branch","line":213,"loc":{"start":{"line":213,"column":13},"end":{"line":217,"column":6}},"locations":[{"start":{"line":213,"column":13},"end":{"line":217,"column":6}}]},"42":{"type":"branch","line":217,"loc":{"start":{"line":217,"column":6},"end":{"line":235,"column":4}},"locations":[{"start":{"line":217,"column":6},"end":{"line":235,"column":4}}]},"43":{"type":"branch","line":219,"loc":{"start":{"line":219,"column":9},"end":{"line":219,"column":45}},"locations":[{"start":{"line":219,"column":9},"end":{"line":219,"column":45}}]},"44":{"type":"branch","line":219,"loc":{"start":{"line":219,"column":45},"end":{"line":219,"column":54}},"locations":[{"start":{"line":219,"column":45},"end":{"line":219,"column":54}}]},"45":{"type":"branch","line":219,"loc":{"start":{"line":219,"column":45},"end":{"line":232,"column":12}},"locations":[{"start":{"line":219,"column":45},"end":{"line":232,"column":12}}]},"46":{"type":"branch","line":232,"loc":{"start":{"line":232,"column":4},"end":{"line":234,"column":5}},"locations":[{"start":{"line":232,"column":4},"end":{"line":234,"column":5}}]},"47":{"type":"branch","line":235,"loc":{"start":{"line":235,"column":3},"end":{"line":236,"column":3}},"locations":[{"start":{"line":235,"column":3},"end":{"line":236,"column":3}}]},"48":{"type":"branch","line":237,"loc":{"start":{"line":237,"column":1},"end":{"line":239,"column":3}},"locations":[{"start":{"line":237,"column":1},"end":{"line":239,"column":3}}]},"49":{"type":"branch","line":239,"loc":{"start":{"line":239,"column":1},"end":{"line":244,"column":42}},"locations":[{"start":{"line":239,"column":1},"end":{"line":244,"column":42}}]},"50":{"type":"branch","line":244,"loc":{"start":{"line":244,"column":42},"end":{"line":250,"column":2}},"locations":[{"start":{"line":244,"column":42},"end":{"line":250,"column":2}}]},"51":{"type":"branch","line":250,"loc":{"start":{"line":250,"column":1},"end":{"line":252,"column":1}},"locations":[{"start":{"line":250,"column":1},"end":{"line":252,"column":1}}]},"52":{"type":"branch","line":254,"loc":{"start":{"line":254,"column":0},"end":{"line":267,"column":1}},"locations":[{"start":{"line":254,"column":0},"end":{"line":267,"column":1}}]},"53":{"type":"branch","line":257,"loc":{"start":{"line":257,"column":8},"end":{"line":266,"column":3}},"locations":[{"start":{"line":257,"column":8},"end":{"line":266,"column":3}}]},"54":{"type":"branch","line":259,"loc":{"start":{"line":259,"column":39},"end":{"line":265,"column":3}},"locations":[{"start":{"line":259,"column":39},"end":{"line":265,"column":3}}]},"55":{"type":"branch","line":262,"loc":{"start":{"line":262,"column":3},"end":{"line":264,"column":4}},"locations":[{"start":{"line":262,"column":3},"end":{"line":264,"column":4}}]},"56":{"type":"branch","line":269,"loc":{"start":{"line":269,"column":7},"end":{"line":299,"column":1}},"locations":[{"start":{"line":269,"column":7},"end":{"line":299,"column":1}}]},"57":{"type":"branch","line":276,"loc":{"start":{"line":276,"column":5},"end":{"line":276,"column":50}},"locations":[{"start":{"line":276,"column":5},"end":{"line":276,"column":50}}]},"58":{"type":"branch","line":276,"loc":{"start":{"line":276,"column":50},"end":{"line":278,"column":2}},"locations":[{"start":{"line":276,"column":50},"end":{"line":278,"column":2}}]},"59":{"type":"branch","line":278,"loc":{"start":{"line":278,"column":1},"end":{"line":299,"column":1}},"locations":[{"start":{"line":278,"column":1},"end":{"line":299,"column":1}}]},"60":{"type":"branch","line":301,"loc":{"start":{"line":301,"column":7},"end":{"line":303,"column":1}},"locations":[{"start":{"line":301,"column":7},"end":{"line":303,"column":1}}]},"61":{"type":"branch","line":310,"loc":{"start":{"line":310,"column":0},"end":{"line":343,"column":1}},"locations":[{"start":{"line":310,"column":0},"end":{"line":343,"column":1}}]},"62":{"type":"branch","line":315,"loc":{"start":{"line":315,"column":1},"end":{"line":329,"column":2}},"locations":[{"start":{"line":315,"column":1},"end":{"line":329,"column":2}}]},"63":{"type":"branch","line":316,"loc":{"start":{"line":316,"column":16},"end":{"line":316,"column":23}},"locations":[{"start":{"line":316,"column":16},"end":{"line":316,"column":23}}]},"64":{"type":"branch","line":316,"loc":{"start":{"line":316,"column":16},"end":{"line":318,"column":29}},"locations":[{"start":{"line":316,"column":16},"end":{"line":318,"column":29}}]},"65":{"type":"branch","line":320,"loc":{"start":{"line":320,"column":13},"end":{"line":320,"column":19}},"locations":[{"start":{"line":320,"column":13},"end":{"line":320,"column":19}}]},"66":{"type":"branch","line":323,"loc":{"start":{"line":323,"column":3},"end":{"line":325,"column":4}},"locations":[{"start":{"line":323,"column":3},"end":{"line":325,"column":4}}]},"67":{"type":"branch","line":326,"loc":{"start":{"line":326,"column":2},"end":{"line":328,"column":14}},"locations":[{"start":{"line":326,"column":2},"end":{"line":328,"column":14}}]},"68":{"type":"branch","line":332,"loc":{"start":{"line":332,"column":2},"end":{"line":335,"column":4}},"locations":[{"start":{"line":332,"column":2},"end":{"line":335,"column":4}}]},"69":{"type":"branch","line":336,"loc":{"start":{"line":336,"column":2},"end":{"line":338,"column":4}},"locations":[{"start":{"line":336,"column":2},"end":{"line":338,"column":4}}]},"70":{"type":"branch","line":339,"loc":{"start":{"line":339,"column":2},"end":{"line":341,"column":4}},"locations":[{"start":{"line":339,"column":2},"end":{"line":341,"column":4}}]},"71":{"type":"branch","line":345,"loc":{"start":{"line":345,"column":7},"end":{"line":377,"column":1}},"locations":[{"start":{"line":345,"column":7},"end":{"line":377,"column":1}}]},"72":{"type":"branch","line":350,"loc":{"start":{"line":350,"column":14},"end":{"line":361,"column":46}},"locations":[{"start":{"line":350,"column":14},"end":{"line":361,"column":46}}]},"73":{"type":"branch","line":361,"loc":{"start":{"line":361,"column":46},"end":{"line":363,"column":2}},"locations":[{"start":{"line":361,"column":46},"end":{"line":363,"column":2}}]},"74":{"type":"branch","line":363,"loc":{"start":{"line":363,"column":1},"end":{"line":377,"column":1}},"locations":[{"start":{"line":363,"column":1},"end":{"line":377,"column":1}}]},"75":{"type":"branch","line":353,"loc":{"start":{"line":353,"column":37},"end":{"line":355,"column":2}},"locations":[{"start":{"line":353,"column":37},"end":{"line":355,"column":2}}]},"76":{"type":"branch","line":357,"loc":{"start":{"line":357,"column":33},"end":{"line":359,"column":2}},"locations":[{"start":{"line":357,"column":33},"end":{"line":359,"column":2}}]},"77":{"type":"branch","line":358,"loc":{"start":{"line":358,"column":24},"end":{"line":358,"column":51}},"locations":[{"start":{"line":358,"column":24},"end":{"line":358,"column":51}}]},"78":{"type":"branch","line":358,"loc":{"start":{"line":358,"column":51},"end":{"line":358,"column":70}},"locations":[{"start":{"line":358,"column":51},"end":{"line":358,"column":70}}]},"79":{"type":"branch","line":370,"loc":{"start":{"line":370,"column":15},"end":{"line":374,"column":4}},"locations":[{"start":{"line":370,"column":15},"end":{"line":374,"column":4}}]}},"b":{"0":[2],"1":[2],"2":[1],"3":[1],"4":[3],"5":[1],"6":[1],"7":[2],"8":[0],"9":[5],"10":[0],"11":[0],"12":[2],"13":[2],"14":[3],"15":[1],"16":[0],"17":[0],"18":[2],"19":[0],"20":[2],"21":[1],"22":[24],"23":[8],"24":[16],"25":[8],"26":[0],"27":[8],"28":[3],"29":[0],"30":[0],"31":[0],"32":[3],"33":[3],"34":[0],"35":[3],"36":[3],"37":[5],"38":[13],"39":[11],"40":[3],"41":[8],"42":[24],"43":[8],"44":[19],"45":[5],"46":[0],"47":[8],"48":[0],"49":[3],"50":[0],"51":[3],"52":[5],"53":[11],"54":[3],"55":[0],"56":[6],"57":[1],"58":[1],"59":[5],"60":[3],"61":[1],"62":[3],"63":[1],"64":[2],"65":[0],"66":[0],"67":[2],"68":[3],"69":[1],"70":[1],"71":[2],"72":[1],"73":[0],"74":[1],"75":[1],"76":[2],"77":[1],"78":[1],"79":[1]},"fnMap":{"0":{"name":"stripToolCallXml","decl":{"start":{"line":22,"column":0},"end":{"line":28,"column":1}},"loc":{"start":{"line":22,"column":0},"end":{"line":28,"column":1}},"line":22},"1":{"name":"persistMessage","decl":{"start":{"line":33,"column":0},"end":{"line":52,"column":1}},"loc":{"start":{"line":33,"column":0},"end":{"line":52,"column":1}},"line":33},"2":{"name":"safePersist","decl":{"start":{"line":54,"column":0},"end":{"line":70,"column":1}},"loc":{"start":{"line":54,"column":0},"end":{"line":70,"column":1}},"line":54},"3":{"name":"updateStreamState","decl":{"start":{"line":72,"column":0},"end":{"line":121,"column":1}},"loc":{"start":{"line":72,"column":0},"end":{"line":121,"column":1}},"line":72},"4":{"name":"parseSSELine","decl":{"start":{"line":123,"column":0},"end":{"line":140,"column":1}},"loc":{"start":{"line":123,"column":0},"end":{"line":140,"column":1}},"line":123},"5":{"name":"generateTitle","decl":{"start":{"line":142,"column":0},"end":{"line":164,"column":1}},"loc":{"start":{"line":142,"column":0},"end":{"line":164,"column":1}},"line":142},"6":{"name":"finalizeStream","decl":{"start":{"line":166,"column":0},"end":{"line":186,"column":1}},"loc":{"start":{"line":166,"column":0},"end":{"line":186,"column":1}},"line":166},"7":{"name":"scheduleCleanup","decl":{"start":{"line":188,"column":0},"end":{"line":192,"column":1}},"loc":{"start":{"line":188,"column":0},"end":{"line":192,"column":1}},"line":188},"8":{"name":"consumeStream","decl":{"start":{"line":194,"column":0},"end":{"line":252,"column":1}},"loc":{"start":{"line":194,"column":0},"end":{"line":252,"column":1}},"line":194},"9":{"name":"createEmitter","decl":{"start":{"line":254,"column":0},"end":{"line":267,"column":1}},"loc":{"start":{"line":254,"column":0},"end":{"line":267,"column":1}},"line":254},"10":{"name":"startStream","decl":{"start":{"line":269,"column":7},"end":{"line":299,"column":1}},"loc":{"start":{"line":269,"column":7},"end":{"line":299,"column":1}},"line":269},"11":{"name":"getStream","decl":{"start":{"line":301,"column":7},"end":{"line":303,"column":1}},"loc":{"start":{"line":301,"column":7},"end":{"line":303,"column":1}},"line":301},"12":{"name":"createEventQueue","decl":{"start":{"line":310,"column":0},"end":{"line":343,"column":1}},"loc":{"start":{"line":310,"column":0},"end":{"line":343,"column":1}},"line":310},"13":{"name":"drain","decl":{"start":{"line":315,"column":1},"end":{"line":329,"column":2}},"loc":{"start":{"line":315,"column":1},"end":{"line":329,"column":2}},"line":315},"14":{"name":"enqueue","decl":{"start":{"line":332,"column":2},"end":{"line":335,"column":4}},"loc":{"start":{"line":332,"column":2},"end":{"line":335,"column":4}},"line":332},"15":{"name":"stop","decl":{"start":{"line":336,"column":2},"end":{"line":338,"column":4}},"loc":{"start":{"line":336,"column":2},"end":{"line":338,"column":4}},"line":336},"16":{"name":"get isEmpty","decl":{"start":{"line":339,"column":2},"end":{"line":341,"column":4}},"loc":{"start":{"line":339,"column":2},"end":{"line":341,"column":4}},"line":339},"17":{"name":"subscribe","decl":{"start":{"line":345,"column":7},"end":{"line":377,"column":1}},"loc":{"start":{"line":345,"column":7},"end":{"line":377,"column":1}},"line":345},"18":{"name":"unsubscribe","decl":{"start":{"line":370,"column":15},"end":{"line":374,"column":4}},"loc":{"start":{"line":370,"column":15},"end":{"line":374,"column":4}},"line":370}},"f":{"0":2,"1":2,"2":3,"3":5,"4":24,"5":3,"6":3,"7":3,"8":5,"9":5,"10":6,"11":3,"12":1,"13":3,"14":3,"15":1,"16":1,"17":2,"18":1}}
}
